[2025-06-30 20:45:17] 🚀 Starting Queue Worker
[2025-06-30 20:45:17] Processing tweets from queue to coins table...
[2025-06-30 20:45:32] 🚀 Starting Queue Worker
[2025-06-30 20:45:32] Processing tweets from queue to coins table...
[2025-06-30 20:46:14] 🚀 Starting Queue Worker
[2025-06-30 20:46:14] Processing tweets from queue to coins table...
[2025-06-30 20:46:35] 🚀 Starting Queue Worker
[2025-06-30 20:46:35] Processing tweets from queue to coins table...
[2025-06-30 20:46:57] 🚀 Starting Queue Worker
[2025-06-30 20:46:57] Processing tweets from queue to coins table...
[2025-06-30 20:48:52] 🚀 Starting Queue Worker
[2025-06-30 20:48:52] Processing tweets from queue to coins table...
[2025-06-30 20:51:13] 🚀 Starting Queue Worker
[2025-06-30 20:51:13] Processing tweets from queue to coins table...
[2025-06-30 20:56:52] 🚀 Starting Queue Worker
[2025-06-30 20:56:52] Processing tweets from queue to coins table...
[2025-06-30 21:03:10] 🚀 Starting Queue Worker
[2025-06-30 21:03:10] Processing tweets from queue to coins table...
[2025-06-30 21:12:58] 🚀 Starting Queue Worker
[2025-06-30 21:12:58] Processing tweets from queue to coins table...
[2025-06-30 21:17:22] 🚀 Starting Queue Worker
[2025-06-30 21:17:22] Processing tweets from queue to coins table...
[2025-06-30 21:24:57] 🚀 Starting Queue Worker
[2025-06-30 21:24:57] Processing tweets from queue to coins table...
[2025-06-30 21:45:08] 📨 Processing queued tweet: HEYTO
[2025-06-30 21:45:09] ✅ Moved to processing: HEYTO from @FilterCoff36084
[2025-06-30 21:45:13] ⏳ System busy with active processing...
[2025-06-30 21:45:16] 🚀 Starting Queue Worker
[2025-06-30 21:45:16] Processing tweets from queue to coins table...
[2025-06-30 21:45:16] ⏳ System busy with active processing...
[2025-06-30 21:45:19] ⏳ System busy with active processing...
[2025-06-30 21:45:23] ⏳ System busy with active processing...
[2025-06-30 21:45:26] ⏳ System busy with active processing...
[2025-06-30 21:45:29] ⏳ System busy with active processing...
[2025-06-30 21:45:33] ⏳ System busy with active processing...
[2025-06-30 21:45:36] ⏳ System busy with active processing...
[2025-06-30 21:45:39] ⏳ System busy with active processing...
[2025-06-30 21:45:43] ⏳ System busy with active processing...
[2025-06-30 21:45:47] ⏳ System busy with active processing...
[2025-06-30 21:45:49] ⏳ System busy with active processing...
[2025-06-30 21:45:53] ⏳ System busy with active processing...
[2025-06-30 21:45:57] ⏳ System busy with active processing...
[2025-06-30 21:45:59] ⏳ System busy with active processing...
[2025-06-30 21:46:04] ⏳ System busy with active processing...
[2025-06-30 21:46:07] ⏳ System busy with active processing...
[2025-06-30 21:46:09] ⏳ System busy with active processing...
[2025-06-30 21:46:14] ⏳ System busy with active processing...
[2025-06-30 21:46:17] ⏳ System busy with active processing...
[2025-06-30 21:46:20] ⏳ System busy with active processing...
[2025-06-30 21:46:24] ⏳ System busy with active processing...
[2025-06-30 21:46:27] ⏳ System busy with active processing...
[2025-06-30 21:46:30] ⏳ System busy with active processing...
[2025-06-30 21:46:34] ⏳ System busy with active processing...
[2025-06-30 21:46:37] ⏳ System busy with active processing...
[2025-06-30 21:46:40] ⏳ System busy with active processing...
[2025-06-30 21:46:44] ⏳ System busy with active processing...
[2025-06-30 21:46:47] ⏳ System busy with active processing...
[2025-06-30 21:46:50] ⏳ System busy with active processing...
[2025-06-30 21:46:55] ⏳ System busy with active processing...
[2025-06-30 21:46:58] ⏳ System busy with active processing...
[2025-06-30 21:47:00] ⏳ System busy with active processing...
[2025-06-30 21:47:05] ⏳ System busy with active processing...
[2025-06-30 21:47:08] ⏳ System busy with active processing...
[2025-06-30 21:47:10] ⏳ System busy with active processing...
[2025-06-30 21:47:15] ⏳ System busy with active processing...
[2025-06-30 21:47:18] ⏳ System busy with active processing...
[2025-06-30 21:47:21] ⏳ System busy with active processing...
[2025-06-30 21:47:25] ⏳ System busy with active processing...
[2025-06-30 21:47:28] ⏳ System busy with active processing...
[2025-06-30 21:47:31] ⏳ System busy with active processing...
[2025-06-30 21:47:35] ⏳ System busy with active processing...
[2025-06-30 21:47:38] ⏳ System busy with active processing...
[2025-06-30 21:47:41] ⏳ System busy with active processing...
[2025-06-30 21:47:45] ⏳ System busy with active processing...
[2025-06-30 21:47:48] ⏳ System busy with active processing...
[2025-06-30 21:47:51] ⏳ System busy with active processing...
[2025-06-30 21:47:56] ⏳ System busy with active processing...
[2025-06-30 21:47:59] ⏳ System busy with active processing...
[2025-06-30 21:48:01] ⏳ System busy with active processing...
[2025-06-30 21:48:06] ⏳ System busy with active processing...
[2025-06-30 21:48:09] ⏳ System busy with active processing...
[2025-06-30 21:48:11] ⏳ System busy with active processing...
[2025-06-30 21:48:16] ⏳ System busy with active processing...
[2025-06-30 21:48:19] ⏳ System busy with active processing...
[2025-06-30 21:48:22] ⏳ System busy with active processing...
[2025-06-30 21:48:26] ⏳ System busy with active processing...
[2025-06-30 21:48:29] ⏳ System busy with active processing...
[2025-06-30 21:48:32] ⏳ System busy with active processing...
[2025-06-30 21:48:36] ⏳ System busy with active processing...
[2025-06-30 21:48:39] ⏳ System busy with active processing...
[2025-06-30 21:48:42] ⏳ System busy with active processing...
[2025-06-30 21:48:46] ⏳ System busy with active processing...
[2025-06-30 21:48:50] ⏳ System busy with active processing...
[2025-06-30 21:48:52] ⏳ System busy with active processing...
[2025-06-30 21:48:57] ⏳ System busy with active processing...
[2025-06-30 21:49:00] ⏳ System busy with active processing...
[2025-06-30 21:49:02] ⏳ System busy with active processing...
[2025-06-30 21:49:07] ⏳ System busy with active processing...
[2025-06-30 21:49:10] ⏳ System busy with active processing...
[2025-06-30 21:49:13] ⏳ System busy with active processing...
[2025-06-30 21:49:17] ⏳ System busy with active processing...
[2025-06-30 21:49:20] ⏳ System busy with active processing...
[2025-06-30 21:49:23] ⏳ System busy with active processing...
[2025-06-30 21:49:27] ⏳ System busy with active processing...
[2025-06-30 21:49:30] ⏳ System busy with active processing...
[2025-06-30 21:49:33] ⏳ System busy with active processing...
[2025-06-30 21:49:37] ⏳ System busy with active processing...
[2025-06-30 21:49:40] ⏳ System busy with active processing...
[2025-06-30 21:49:43] ⏳ System busy with active processing...
[2025-06-30 21:49:47] ⏳ System busy with active processing...
[2025-06-30 21:49:50] ⏳ System busy with active processing...
[2025-06-30 21:49:54] ⏳ System busy with active processing...
[2025-06-30 21:49:58] ⏳ System busy with active processing...
[2025-06-30 21:50:01] ⏳ System busy with active processing...
[2025-06-30 21:50:04] ⏳ System busy with active processing...
[2025-06-30 21:50:08] ⏳ System busy with active processing...
[2025-06-30 21:50:11] ⏳ System busy with active processing...
[2025-06-30 21:50:14] ⏳ System busy with active processing...
[2025-06-30 21:50:18] ⏳ System busy with active processing...
[2025-06-30 21:50:21] ⏳ System busy with active processing...
[2025-06-30 21:50:24] ⏳ System busy with active processing...
[2025-06-30 21:50:28] ⏳ System busy with active processing...
[2025-06-30 21:50:31] ⏳ System busy with active processing...
[2025-06-30 21:50:34] ⏳ System busy with active processing...
[2025-06-30 21:50:38] ⏳ System busy with active processing...
[2025-06-30 21:50:41] ⏳ System busy with active processing...
[2025-06-30 21:50:44] ⏳ System busy with active processing...
[2025-06-30 21:50:48] ⏳ System busy with active processing...
[2025-06-30 21:50:51] ⏳ System busy with active processing...
[2025-06-30 21:50:54] ⏳ System busy with active processing...
[2025-06-30 21:50:59] ⏳ System busy with active processing...
[2025-06-30 21:51:02] ⏳ System busy with active processing...
[2025-06-30 21:51:05] ⏳ System busy with active processing...
[2025-06-30 21:51:09] ⏳ System busy with active processing...
[2025-06-30 21:51:12] ⏳ System busy with active processing...
[2025-06-30 21:51:15] ⏳ System busy with active processing...
[2025-06-30 21:51:19] ⏳ System busy with active processing...
[2025-06-30 21:51:22] ⏳ System busy with active processing...
[2025-06-30 21:51:25] ⏳ System busy with active processing...
[2025-06-30 21:51:29] ⏳ System busy with active processing...
[2025-06-30 21:51:32] ⏳ System busy with active processing...
[2025-06-30 21:51:35] ⏳ System busy with active processing...
[2025-06-30 21:51:39] ⏳ System busy with active processing...
[2025-06-30 21:51:42] ⏳ System busy with active processing...
[2025-06-30 21:51:45] ⏳ System busy with active processing...
[2025-06-30 21:51:49] ⏳ System busy with active processing...
[2025-06-30 21:51:53] ⏳ System busy with active processing...
[2025-06-30 21:51:55] ⏳ System busy with active processing...
[2025-06-30 21:52:00] ⏳ System busy with active processing...
[2025-06-30 21:52:03] ⏳ System busy with active processing...
[2025-06-30 21:52:06] ⏳ System busy with active processing...
[2025-06-30 21:52:10] ⏳ System busy with active processing...
[2025-06-30 21:52:13] ⏳ System busy with active processing...
[2025-06-30 21:52:16] ⏳ System busy with active processing...
[2025-06-30 21:52:20] ⏳ System busy with active processing...
[2025-06-30 21:52:23] ⏳ System busy with active processing...
[2025-06-30 21:52:26] ⏳ System busy with active processing...
[2025-06-30 21:52:30] ⏳ System busy with active processing...
[2025-06-30 21:52:33] ⏳ System busy with active processing...
[2025-06-30 21:52:36] ⏳ System busy with active processing...
[2025-06-30 21:52:40] ⏳ System busy with active processing...
[2025-06-30 21:52:43] ⏳ System busy with active processing...
[2025-06-30 21:52:46] ⏳ System busy with active processing...
[2025-06-30 21:52:50] ⏳ System busy with active processing...
[2025-06-30 21:52:54] ⏳ System busy with active processing...
[2025-06-30 21:52:56] ⏳ System busy with active processing...
[2025-06-30 21:53:01] ⏳ System busy with active processing...
[2025-06-30 21:53:04] ⏳ System busy with active processing...
[2025-06-30 21:53:07] ⏳ System busy with active processing...
[2025-06-30 21:53:11] ⏳ System busy with active processing...
[2025-06-30 21:53:14] ⏳ System busy with active processing...
[2025-06-30 21:53:17] ⏳ System busy with active processing...
[2025-06-30 21:53:21] ⏳ System busy with active processing...
[2025-06-30 21:53:24] ⏳ System busy with active processing...
[2025-06-30 21:53:27] ⏳ System busy with active processing...
[2025-06-30 21:53:31] ⏳ System busy with active processing...
[2025-06-30 21:53:34] ⏳ System busy with active processing...
[2025-06-30 21:53:37] ⏳ System busy with active processing...
[2025-06-30 21:53:41] ⏳ System busy with active processing...
[2025-06-30 21:53:45] ⏳ System busy with active processing...
[2025-06-30 21:53:47] ⏳ System busy with active processing...
[2025-06-30 21:53:51] ⏳ System busy with active processing...
[2025-06-30 21:53:52] 👋 Stopping queue worker...
[2025-06-30 21:53:57] ⏳ System busy with active processing...
[2025-06-30 21:54:02] ⏳ System busy with active processing...
[2025-06-30 21:54:08] ⏳ System busy with active processing...
[2025-06-30 21:54:12] ⏳ System busy with active processing...
[2025-06-30 21:54:18] ⏳ System busy with active processing...
[2025-06-30 21:54:22] ⏳ System busy with active processing...
[2025-06-30 21:54:28] ⏳ System busy with active processing...
[2025-06-30 21:54:32] ⏳ System busy with active processing...
[2025-06-30 21:54:38] ⏳ System busy with active processing...
[2025-06-30 21:54:42] ⏳ System busy with active processing...
[2025-06-30 21:54:48] ⏳ System busy with active processing...
[2025-06-30 21:54:52] ⏳ System busy with active processing...
[2025-06-30 21:54:59] ⏳ System busy with active processing...
[2025-06-30 21:55:03] ⏳ System busy with active processing...
[2025-06-30 21:55:09] ⏳ System busy with active processing...
[2025-06-30 21:55:13] ⏳ System busy with active processing...
[2025-06-30 21:55:44] 🚀 Starting Queue Worker
[2025-06-30 21:55:44] Processing tweets from queue to coins table...
[2025-06-30 21:56:15] 📨 Processing queued tweet: ASDS
[2025-06-30 21:56:15] ✅ Moved to processing: ASDS from @FilterCoff36084
[2025-06-30 21:56:20] ⏳ System busy with active processing...
[2025-06-30 21:56:24] ⏳ System busy with active processing...
[2025-06-30 21:56:25] ⏳ System busy with active processing...
[2025-06-30 21:56:31] ⏳ System busy with active processing...
[2025-06-30 21:56:35] ⏳ System busy with active processing...
[2025-06-30 21:56:36] ⏳ System busy with active processing...
[2025-06-30 21:56:41] ⏳ System busy with active processing...
[2025-06-30 21:56:45] ⏳ System busy with active processing...
[2025-06-30 21:56:46] ⏳ System busy with active processing...
[2025-06-30 21:56:51] ⏳ System busy with active processing...
[2025-06-30 21:56:55] ⏳ System busy with active processing...
[2025-06-30 21:57:01] ⏳ System busy with active processing...
[2025-06-30 21:57:05] ⏳ System busy with active processing...
[2025-06-30 21:57:11] ⏳ System busy with active processing...
[2025-06-30 21:57:15] ⏳ System busy with active processing...
[2025-06-30 21:57:21] ⏳ System busy with active processing...
[2025-06-30 21:57:25] ⏳ System busy with active processing...
[2025-06-30 21:57:32] ⏳ System busy with active processing...
[2025-06-30 21:57:36] ⏳ System busy with active processing...
[2025-06-30 21:57:42] ⏳ System busy with active processing...
[2025-06-30 21:57:46] ⏳ System busy with active processing...
[2025-06-30 21:57:52] 📨 Processing queued tweet: DDDDDD
[2025-06-30 21:57:52] ✅ Moved to processing: DDDDDD from @FilterCoff36084
[2025-06-30 21:57:56] ⏳ System busy with active processing...
[2025-06-30 21:58:02] ⏳ System busy with active processing...
[2025-06-30 21:58:06] ⏳ System busy with active processing...
[2025-06-30 21:58:13] ⏳ System busy with active processing...
[2025-06-30 21:58:16] ⏳ System busy with active processing...
[2025-06-30 21:58:23] ⏳ System busy with active processing...
[2025-06-30 21:58:27] ⏳ System busy with active processing...
[2025-06-30 21:58:33] ⏳ System busy with active processing...
[2025-06-30 21:58:37] ⏳ System busy with active processing...
[2025-06-30 21:58:43] ⏳ System busy with active processing...
[2025-06-30 21:58:47] ⏳ System busy with active processing...
[2025-06-30 22:11:56] 🚀 Starting Queue Worker
[2025-06-30 22:11:56] Processing tweets from queue to coins table...
[2025-06-30 22:11:56] 📨 Processing queued tweet: ASDS
[2025-06-30 22:11:56] ⏳ System busy with active processing...
[2025-06-30 22:11:57] ✅ Moved to processing: ASDS from @FilterCoff36084
[2025-06-30 22:12:03] ⏳ System busy with active processing...
[2025-06-30 22:12:07] ⏳ System busy with active processing...
[2025-06-30 22:12:07] ⏳ System busy with active processing...
[2025-06-30 22:12:13] ⏳ System busy with active processing...
[2025-06-30 22:12:17] ⏳ System busy with active processing...
[2025-06-30 22:12:17] ⏳ System busy with active processing...
[2025-06-30 22:12:23] ⏳ System busy with active processing...
[2025-06-30 22:12:27] ⏳ System busy with active processing...
[2025-06-30 22:12:33] ⏳ System busy with active processing...
[2025-06-30 22:12:37] ⏳ System busy with active processing...
[2025-06-30 22:12:43] ⏳ System busy with active processing...
[2025-06-30 22:12:47] ⏳ System busy with active processing...
[2025-06-30 22:12:53] ⏳ System busy with active processing...
[2025-06-30 22:12:57] ⏳ System busy with active processing...
[2025-06-30 22:13:04] ⏳ System busy with active processing...
[2025-06-30 22:13:08] ⏳ System busy with active processing...
[2025-06-30 22:13:38] 🚀 Starting Queue Worker
[2025-06-30 22:13:38] Processing tweets from queue to coins table...
[2025-06-30 22:14:09] 📨 Processing queued tweet: SDFSDFG
[2025-06-30 22:14:09] 📨 Processing queued tweet: SDFSDFG
[2025-06-30 22:14:10] ✅ Moved to processing: SDFSDFG from @FilterCoff36084
[2025-06-30 22:14:10] ✅ Moved to processing: SDFSDFG from @FilterCoff36084
[2025-06-30 22:14:15] ⏳ System busy with active processing...
[2025-06-30 22:14:20] ⏳ System busy with active processing...
[2025-06-30 22:14:20] ⏳ System busy with active processing...
[2025-06-30 22:14:25] ⏳ System busy with active processing...
[2025-06-30 22:14:30] ⏳ System busy with active processing...
[2025-06-30 22:14:30] ⏳ System busy with active processing...
[2025-06-30 22:14:35] ⏳ System busy with active processing...
[2025-06-30 22:14:40] ⏳ System busy with active processing...
[2025-06-30 22:14:46] ⏳ System busy with active processing...
[2025-06-30 22:14:50] ⏳ System busy with active processing...
[2025-06-30 22:14:56] ⏳ System busy with active processing...
[2025-06-30 22:15:00] ⏳ System busy with active processing...
[2025-06-30 22:15:06] ⏳ System busy with active processing...
[2025-06-30 22:17:55] 🚀 Starting Queue Worker
[2025-06-30 22:17:55] Processing tweets from queue to coins table...
[2025-06-30 22:18:26] 📨 Processing queued tweet: CALISAMK
[2025-06-30 22:18:27] ✅ Moved to processing: CALISAMK from @FilterCoff36084
[2025-06-30 22:18:31] ⏳ System busy with active processing...
[2025-06-30 22:18:36] ⏳ System busy with active processing...
[2025-06-30 22:18:37] ⏳ System busy with active processing...
[2025-06-30 22:18:41] ⏳ System busy with active processing...
[2025-06-30 22:18:46] ⏳ System busy with active processing...
[2025-06-30 22:18:47] ⏳ System busy with active processing...
[2025-06-30 22:18:51] ⏳ System busy with active processing...
[2025-06-30 22:18:56] ⏳ System busy with active processing...
[2025-06-30 22:18:57] ⏳ System busy with active processing...
[2025-06-30 22:19:01] ⏳ System busy with active processing...
[2025-06-30 22:19:06] ⏳ System busy with active processing...
[2025-06-30 22:19:07] ⏳ System busy with active processing...
[2025-06-30 22:19:11] ⏳ System busy with active processing...
[2025-06-30 22:19:16] ⏳ System busy with active processing...
[2025-06-30 22:19:17] ⏳ System busy with active processing...
[2025-06-30 22:19:22] ⏳ System busy with active processing...
[2025-06-30 22:19:26] ⏳ System busy with active processing...
[2025-06-30 22:19:27] ⏳ System busy with active processing...
[2025-06-30 22:19:32] ⏳ System busy with active processing...
[2025-06-30 22:19:37] ⏳ System busy with active processing...
[2025-06-30 22:19:38] ⏳ System busy with active processing...
[2025-06-30 22:19:42] ⏳ System busy with active processing...
[2025-06-30 22:19:47] ⏳ System busy with active processing...
[2025-06-30 22:19:48] ⏳ System busy with active processing...
[2025-06-30 22:19:52] ⏳ System busy with active processing...
[2025-06-30 22:19:57] 📨 Processing queued tweet: ASDASD
[2025-06-30 22:19:57] ✅ Moved to processing: ASDASD from @FilterCoff36084
[2025-06-30 22:19:58] ⏳ System busy with active processing...
[2025-06-30 22:20:02] ⏳ System busy with active processing...
[2025-06-30 22:20:07] ⏳ System busy with active processing...
[2025-06-30 22:20:08] ⏳ System busy with active processing...
[2025-06-30 22:20:12] ⏳ System busy with active processing...
[2025-06-30 22:20:18] ⏳ System busy with active processing...
[2025-06-30 22:20:18] ⏳ System busy with active processing...
[2025-06-30 22:20:23] ⏳ System busy with active processing...
[2025-06-30 22:20:28] ⏳ System busy with active processing...
[2025-06-30 22:20:29] ⏳ System busy with active processing...
[2025-06-30 22:20:33] ⏳ System busy with active processing...
[2025-06-30 22:20:38] ⏳ System busy with active processing...
[2025-06-30 22:20:39] ⏳ System busy with active processing...
[2025-06-30 22:20:43] ⏳ System busy with active processing...
[2025-06-30 22:20:48] ⏳ System busy with active processing...
[2025-06-30 22:20:49] ⏳ System busy with active processing...
[2025-06-30 22:20:53] ⏳ System busy with active processing...
[2025-06-30 22:20:58] ⏳ System busy with active processing...
[2025-06-30 22:20:59] ⏳ System busy with active processing...
[2025-06-30 22:21:03] ⏳ System busy with active processing...
[2025-06-30 22:21:08] ⏳ System busy with active processing...
[2025-06-30 22:21:09] ⏳ System busy with active processing...
[2025-06-30 22:21:13] ⏳ System busy with active processing...
[2025-06-30 22:21:18] ⏳ System busy with active processing...
[2025-06-30 22:21:19] ⏳ System busy with active processing...
[2025-06-30 22:21:23] ⏳ System busy with active processing...
[2025-06-30 22:21:29] ⏳ System busy with active processing...
[2025-06-30 22:21:34] ⏳ System busy with active processing...
[2025-06-30 22:21:39] ⏳ System busy with active processing...
[2025-06-30 22:21:44] ⏳ System busy with active processing...
[2025-06-30 22:21:49] ⏳ System busy with active processing...
[2025-06-30 22:21:54] ⏳ System busy with active processing...
[2025-06-30 22:21:59] ⏳ System busy with active processing...
[2025-06-30 22:22:04] ⏳ System busy with active processing...
[2025-06-30 22:22:09] ⏳ System busy with active processing...
[2025-06-30 22:22:14] ⏳ System busy with active processing...
[2025-06-30 22:22:19] ⏳ System busy with active processing...
[2025-06-30 22:22:24] ⏳ System busy with active processing...
[2025-06-30 22:22:30] ⏳ System busy with active processing...
[2025-06-30 22:22:35] ⏳ System busy with active processing...
[2025-06-30 22:22:40] ⏳ System busy with active processing...
[2025-06-30 22:22:45] ⏳ System busy with active processing...
[2025-06-30 22:22:50] ⏳ System busy with active processing...
[2025-06-30 22:27:09] 🚀 Starting Queue Worker
[2025-06-30 22:27:09] Processing tweets from queue to coins table...
[2025-06-30 22:28:10] 📨 Processing queued tweet: TESTTTT
[2025-06-30 22:28:11] ✅ Moved to processing: TESTTTT from @FilterCoff36084
[2025-06-30 22:28:14] ⏳ System busy with active processing...
[2025-06-30 22:28:18] ⏳ System busy with active processing...
[2025-06-30 22:28:21] ⏳ System busy with active processing...
[2025-06-30 22:28:24] ⏳ System busy with active processing...
[2025-06-30 22:28:29] ⏳ System busy with active processing...
[2025-06-30 22:28:31] ⏳ System busy with active processing...
[2025-06-30 22:28:34] ⏳ System busy with active processing...
[2025-06-30 22:28:39] ⏳ System busy with active processing...
[2025-06-30 22:28:41] ⏳ System busy with active processing...
[2025-06-30 22:28:44] ⏳ System busy with active processing...
[2025-06-30 22:28:49] ⏳ System busy with active processing...
[2025-06-30 22:28:51] ⏳ System busy with active processing...
[2025-06-30 22:28:54] ⏳ System busy with active processing...
[2025-06-30 22:28:59] ⏳ System busy with active processing...
[2025-06-30 22:29:02] ⏳ System busy with active processing...
[2025-06-30 22:29:04] ⏳ System busy with active processing...
[2025-06-30 22:29:09] ⏳ System busy with active processing...
[2025-06-30 22:29:12] ⏳ System busy with active processing...
[2025-06-30 22:29:14] ⏳ System busy with active processing...
[2025-06-30 22:29:19] ⏳ System busy with active processing...
[2025-06-30 22:29:22] ⏳ System busy with active processing...
[2025-06-30 22:29:25] ⏳ System busy with active processing...
[2025-06-30 22:29:30] ⏳ System busy with active processing...
[2025-06-30 22:29:32] ⏳ System busy with active processing...
[2025-06-30 22:29:35] ⏳ System busy with active processing...
[2025-06-30 22:29:40] ⏳ System busy with active processing...
[2025-06-30 22:29:42] ⏳ System busy with active processing...
[2025-06-30 22:29:45] ⏳ System busy with active processing...
[2025-06-30 22:29:50] ⏳ System busy with active processing...
[2025-06-30 22:29:52] ⏳ System busy with active processing...
[2025-06-30 22:29:55] ⏳ System busy with active processing...
[2025-06-30 22:30:00] ⏳ System busy with active processing...
[2025-06-30 22:30:05] ⏳ System busy with active processing...
[2025-06-30 22:30:10] ⏳ System busy with active processing...
[2025-06-30 22:30:15] ⏳ System busy with active processing...
[2025-06-30 22:30:20] ⏳ System busy with active processing...
[2025-06-30 22:30:26] ⏳ System busy with active processing...
[2025-06-30 22:30:31] ⏳ System busy with active processing...
[2025-06-30 22:30:36] ⏳ System busy with active processing...
[2025-06-30 22:30:41] ⏳ System busy with active processing...
[2025-06-30 22:30:46] ⏳ System busy with active processing...
[2025-06-30 22:30:51] ⏳ System busy with active processing...
[2025-06-30 22:30:56] ⏳ System busy with active processing...
[2025-06-30 22:31:01] ⏳ System busy with active processing...
[2025-06-30 22:31:06] ⏳ System busy with active processing...
[2025-06-30 22:31:11] ⏳ System busy with active processing...
[2025-06-30 22:31:17] ⏳ System busy with active processing...
[2025-06-30 22:31:21] ⏳ System busy with active processing...
[2025-06-30 22:31:27] ⏳ System busy with active processing...
[2025-06-30 22:31:31] ⏳ System busy with active processing...
[2025-06-30 22:31:37] ⏳ System busy with active processing...
[2025-06-30 22:31:42] ⏳ System busy with active processing...
[2025-06-30 22:31:47] ⏳ System busy with active processing...
[2025-06-30 22:31:52] ⏳ System busy with active processing...
[2025-06-30 22:31:57] ⏳ System busy with active processing...
[2025-06-30 22:32:02] ⏳ System busy with active processing...
[2025-06-30 22:32:08] ⏳ System busy with active processing...
[2025-06-30 22:32:12] ⏳ System busy with active processing...
[2025-06-30 22:32:18] ⏳ System busy with active processing...
[2025-06-30 22:32:22] ⏳ System busy with active processing...
[2025-06-30 22:32:28] ⏳ System busy with active processing...
[2025-06-30 22:32:32] ⏳ System busy with active processing...
[2025-06-30 22:32:38] ⏳ System busy with active processing...
[2025-06-30 22:32:43] ⏳ System busy with active processing...
[2025-06-30 22:32:48] ⏳ System busy with active processing...
[2025-06-30 22:32:53] ⏳ System busy with active processing...
[2025-06-30 22:32:58] ⏳ System busy with active processing...
[2025-06-30 22:33:03] ⏳ System busy with active processing...
[2025-06-30 22:33:09] ⏳ System busy with active processing...
[2025-06-30 22:33:13] ⏳ System busy with active processing...
[2025-06-30 22:33:19] ⏳ System busy with active processing...
[2025-06-30 22:33:23] ⏳ System busy with active processing...
[2025-06-30 22:33:29] ⏳ System busy with active processing...
[2025-06-30 22:33:34] ⏳ System busy with active processing...
[2025-06-30 22:33:39] ⏳ System busy with active processing...
[2025-06-30 22:33:44] ⏳ System busy with active processing...
[2025-06-30 22:33:49] ⏳ System busy with active processing...
[2025-06-30 22:33:54] ⏳ System busy with active processing...
[2025-06-30 22:33:59] ⏳ System busy with active processing...
[2025-06-30 22:34:04] ⏳ System busy with active processing...
[2025-06-30 22:34:10] ⏳ System busy with active processing...
[2025-06-30 22:34:15] ⏳ System busy with active processing...
[2025-06-30 22:34:20] ⏳ System busy with active processing...
[2025-06-30 22:34:25] ⏳ System busy with active processing...
[2025-06-30 22:34:30] ⏳ System busy with active processing...
[2025-06-30 22:34:35] ⏳ System busy with active processing...
[2025-06-30 22:34:40] ⏳ System busy with active processing...
[2025-06-30 22:34:45] ⏳ System busy with active processing...
[2025-06-30 22:34:50] ⏳ System busy with active processing...
[2025-06-30 22:34:55] ⏳ System busy with active processing...
[2025-06-30 22:35:00] ⏳ System busy with active processing...
[2025-06-30 22:35:06] ⏳ System busy with active processing...
[2025-06-30 22:35:11] ⏳ System busy with active processing...
[2025-06-30 22:35:16] ⏳ System busy with active processing...
[2025-06-30 22:35:21] ⏳ System busy with active processing...
[2025-06-30 22:35:26] ⏳ System busy with active processing...
[2025-06-30 22:35:31] ⏳ System busy with active processing...
[2025-06-30 22:35:36] ⏳ System busy with active processing...
[2025-06-30 22:35:41] ⏳ System busy with active processing...
[2025-06-30 22:35:46] ⏳ System busy with active processing...
[2025-06-30 22:35:51] ⏳ System busy with active processing...
[2025-06-30 22:35:56] ⏳ System busy with active processing...
[2025-06-30 22:36:01] ⏳ System busy with active processing...
[2025-06-30 22:36:07] ⏳ System busy with active processing...
[2025-06-30 22:36:12] ⏳ System busy with active processing...
[2025-06-30 22:36:17] ⏳ System busy with active processing...
[2025-06-30 22:36:22] ⏳ System busy with active processing...
[2025-06-30 22:36:27] ⏳ System busy with active processing...
[2025-06-30 22:36:32] ⏳ System busy with active processing...
[2025-06-30 22:36:37] ⏳ System busy with active processing...
[2025-06-30 22:36:42] ⏳ System busy with active processing...
[2025-06-30 22:36:47] ⏳ System busy with active processing...
[2025-06-30 22:36:52] ⏳ System busy with active processing...
[2025-06-30 22:36:57] ⏳ System busy with active processing...
[2025-06-30 22:37:02] ⏳ System busy with active processing...
[2025-06-30 22:37:08] ⏳ System busy with active processing...
[2025-06-30 22:37:13] ⏳ System busy with active processing...
[2025-06-30 22:37:18] ⏳ System busy with active processing...
[2025-06-30 22:37:23] ⏳ System busy with active processing...
[2025-06-30 22:37:28] 📨 Processing queued tweet: BBBGHG
[2025-06-30 22:37:28] ✅ Moved to processing: BBBGHG from @FilterCoff36084
[2025-06-30 22:37:33] ⏳ System busy with active processing...
[2025-06-30 22:37:38] ⏳ System busy with active processing...
[2025-06-30 22:37:43] ⏳ System busy with active processing...
[2025-06-30 22:37:49] ⏳ System busy with active processing...
[2025-06-30 22:37:53] ⏳ System busy with active processing...
[2025-06-30 22:37:59] ⏳ System busy with active processing...
[2025-06-30 22:38:03] ⏳ System busy with active processing...
[2025-06-30 22:38:09] ⏳ System busy with active processing...
[2025-06-30 22:38:13] ⏳ System busy with active processing...
[2025-06-30 22:38:19] ⏳ System busy with active processing...
[2025-06-30 22:38:24] ⏳ System busy with active processing...
[2025-06-30 22:38:29] ⏳ System busy with active processing...
[2025-06-30 22:38:34] ⏳ System busy with active processing...
[2025-06-30 22:38:39] ⏳ System busy with active processing...
[2025-06-30 22:38:44] ⏳ System busy with active processing...
[2025-06-30 22:38:50] ⏳ System busy with active processing...
[2025-06-30 22:38:54] ⏳ System busy with active processing...
[2025-06-30 22:39:00] ⏳ System busy with active processing...
[2025-06-30 22:39:04] ⏳ System busy with active processing...
[2025-06-30 22:39:10] ⏳ System busy with active processing...
[2025-06-30 22:39:15] ⏳ System busy with active processing...
[2025-06-30 22:39:20] ⏳ System busy with active processing...
[2025-06-30 22:39:25] ⏳ System busy with active processing...
[2025-06-30 22:39:30] ⏳ System busy with active processing...
[2025-06-30 22:39:35] ⏳ System busy with active processing...
[2025-06-30 22:39:40] ⏳ System busy with active processing...
[2025-06-30 22:39:45] ⏳ System busy with active processing...
[2025-06-30 22:41:32] 🚀 Starting Queue Worker
[2025-06-30 22:41:32] Processing tweets from queue to coins table...
[2025-06-30 22:41:32] 📨 Processing queued tweet: TESTTTT
[2025-06-30 22:41:32] ✅ Moved to processing: TESTTTT from @FilterCoff36084
[2025-06-30 22:41:33] ⏳ System busy with active processing...
[2025-06-30 22:41:38] ⏳ System busy with active processing...
[2025-06-30 22:41:42] ⏳ System busy with active processing...
[2025-06-30 22:41:43] ⏳ System busy with active processing...
[2025-06-30 22:41:48] ⏳ System busy with active processing...
[2025-06-30 22:41:52] ⏳ System busy with active processing...
[2025-06-30 22:41:53] ⏳ System busy with active processing...
[2025-06-30 22:41:58] ⏳ System busy with active processing...
[2025-06-30 22:42:03] ⏳ System busy with active processing...
[2025-06-30 22:42:04] ⏳ System busy with active processing...
[2025-06-30 22:42:08] ⏳ System busy with active processing...
[2025-06-30 22:42:13] ⏳ System busy with active processing...
[2025-06-30 22:42:14] ⏳ System busy with active processing...
[2025-06-30 22:42:18] ⏳ System busy with active processing...
[2025-06-30 22:42:23] ⏳ System busy with active processing...
[2025-06-30 22:42:24] ⏳ System busy with active processing...
[2025-06-30 22:42:29] ⏳ System busy with active processing...
[2025-06-30 22:42:33] ⏳ System busy with active processing...
[2025-06-30 22:42:34] ⏳ System busy with active processing...
[2025-06-30 22:42:39] ⏳ System busy with active processing...
[2025-06-30 22:42:44] ⏳ System busy with active processing...
[2025-06-30 22:42:44] ⏳ System busy with active processing...
[2025-06-30 22:42:49] ⏳ System busy with active processing...
[2025-06-30 22:42:54] ⏳ System busy with active processing...
[2025-06-30 22:42:54] ⏳ System busy with active processing...
[2025-06-30 22:42:59] 📨 Processing queued tweet: BBBGHG
[2025-06-30 22:42:59] ✅ Moved to processing: BBBGHG from @FilterCoff36084
[2025-06-30 22:43:04] ⏳ System busy with active processing...
[2025-06-30 22:43:05] ⏳ System busy with active processing...
[2025-06-30 22:43:10] ⏳ System busy with active processing...
[2025-06-30 22:43:14] ⏳ System busy with active processing...
[2025-06-30 22:43:15] ⏳ System busy with active processing...
[2025-06-30 22:43:20] ⏳ System busy with active processing...
[2025-06-30 22:43:24] ⏳ System busy with active processing...
[2025-06-30 22:43:25] ⏳ System busy with active processing...
[2025-06-30 22:43:30] ⏳ System busy with active processing...
[2025-06-30 22:43:34] ⏳ System busy with active processing...
[2025-06-30 22:43:35] ⏳ System busy with active processing...
[2025-06-30 22:43:40] ⏳ System busy with active processing...
[2025-06-30 22:43:45] ⏳ System busy with active processing...
[2025-06-30 22:43:45] ⏳ System busy with active processing...
[2025-06-30 22:43:50] ⏳ System busy with active processing...
[2025-06-30 22:43:55] ⏳ System busy with active processing...
[2025-06-30 22:43:55] ⏳ System busy with active processing...
[2025-06-30 22:44:00] ⏳ System busy with active processing...
[2025-06-30 22:44:05] ⏳ System busy with active processing...
[2025-06-30 22:44:05] ⏳ System busy with active processing...
[2025-06-30 22:44:10] ⏳ System busy with active processing...
[2025-06-30 22:44:15] ⏳ System busy with active processing...
[2025-06-30 22:44:16] ⏳ System busy with active processing...
[2025-06-30 22:44:21] ⏳ System busy with active processing...
[2025-06-30 22:44:25] ⏳ System busy with active processing...
[2025-06-30 22:44:26] ⏳ System busy with active processing...
[2025-06-30 22:44:31] ⏳ System busy with active processing...
[2025-06-30 22:44:35] ⏳ System busy with active processing...
[2025-06-30 22:44:36] ⏳ System busy with active processing...
[2025-06-30 22:44:41] ⏳ System busy with active processing...
[2025-06-30 22:44:46] ⏳ System busy with active processing...
[2025-06-30 22:44:46] ⏳ System busy with active processing...
[2025-06-30 22:44:51] 📨 Processing queued tweet: TDEFRGD
[2025-06-30 22:44:52] ✅ Moved to processing: TDEFRGD from @FilterCoff36084
[2025-06-30 22:44:56] ⏳ System busy with active processing...
[2025-06-30 22:44:56] ⏳ System busy with active processing...
[2025-06-30 22:45:02] ⏳ System busy with active processing...
[2025-06-30 22:45:06] ⏳ System busy with active processing...
[2025-06-30 22:45:07] ⏳ System busy with active processing...
[2025-06-30 22:45:12] ⏳ System busy with active processing...
[2025-06-30 22:45:16] ⏳ System busy with active processing...
[2025-06-30 22:45:17] ⏳ System busy with active processing...
[2025-06-30 22:45:22] ⏳ System busy with active processing...
[2025-06-30 22:45:26] ⏳ System busy with active processing...
[2025-06-30 22:45:27] ⏳ System busy with active processing...
[2025-06-30 22:45:32] ⏳ System busy with active processing...
[2025-06-30 22:45:36] ⏳ System busy with active processing...
[2025-06-30 22:45:37] ⏳ System busy with active processing...
[2025-06-30 22:45:42] ⏳ System busy with active processing...
[2025-06-30 22:45:47] ⏳ System busy with active processing...
[2025-06-30 22:45:47] ⏳ System busy with active processing...
[2025-06-30 22:45:53] ⏳ System busy with active processing...
[2025-06-30 22:45:57] ⏳ System busy with active processing...
[2025-06-30 22:45:57] ⏳ System busy with active processing...
[2025-06-30 22:46:03] ⏳ System busy with active processing...
[2025-06-30 22:46:07] ⏳ System busy with active processing...
[2025-06-30 22:46:08] ⏳ System busy with active processing...
[2025-06-30 22:46:13] ⏳ System busy with active processing...
[2025-06-30 22:46:17] ⏳ System busy with active processing...
[2025-06-30 22:46:18] ⏳ System busy with active processing...
[2025-06-30 22:46:23] ⏳ System busy with active processing...
[2025-06-30 22:46:27] ⏳ System busy with active processing...
[2025-06-30 22:46:28] ⏳ System busy with active processing...
[2025-06-30 22:46:33] ⏳ System busy with active processing...
[2025-06-30 22:46:37] ⏳ System busy with active processing...
[2025-06-30 22:46:38] ⏳ System busy with active processing...
[2025-06-30 22:46:44] 📨 Processing queued tweet: OZAN
[2025-06-30 22:46:44] ✅ Moved to processing: OZAN from @OzanGzel1058409
[2025-06-30 22:46:47] ⏳ System busy with active processing...
[2025-06-30 22:46:48] ⏳ System busy with active processing...
[2025-06-30 22:46:54] ⏳ System busy with active processing...
[2025-06-30 22:46:58] ⏳ System busy with active processing...
[2025-06-30 22:46:58] ⏳ System busy with active processing...
[2025-06-30 22:47:04] ⏳ System busy with active processing...
[2025-06-30 22:47:08] ⏳ System busy with active processing...
[2025-06-30 22:47:09] ⏳ System busy with active processing...
[2025-06-30 22:47:14] ⏳ System busy with active processing...
[2025-06-30 22:47:18] ⏳ System busy with active processing...
[2025-06-30 22:47:19] ⏳ System busy with active processing...
[2025-06-30 22:47:25] ⏳ System busy with active processing...
[2025-06-30 22:47:28] ⏳ System busy with active processing...
[2025-06-30 22:47:29] ⏳ System busy with active processing...
[2025-06-30 22:47:35] ⏳ System busy with active processing...
[2025-06-30 22:47:38] ⏳ System busy with active processing...
[2025-06-30 22:47:39] ⏳ System busy with active processing...
[2025-06-30 22:47:45] ⏳ System busy with active processing...
[2025-06-30 22:47:48] ⏳ System busy with active processing...
[2025-06-30 22:47:49] ⏳ System busy with active processing...
[2025-06-30 22:47:55] ⏳ System busy with active processing...
[2025-06-30 22:47:59] ⏳ System busy with active processing...
[2025-06-30 22:47:59] ⏳ System busy with active processing...
[2025-06-30 22:48:05] ⏳ System busy with active processing...
[2025-06-30 22:48:09] ⏳ System busy with active processing...
[2025-06-30 22:48:10] ⏳ System busy with active processing...
[2025-06-30 22:48:15] ⏳ System busy with active processing...
[2025-06-30 22:48:19] ⏳ System busy with active processing...
[2025-06-30 22:48:20] ⏳ System busy with active processing...
[2025-06-30 22:48:26] ⏳ System busy with active processing...
[2025-06-30 22:48:29] ⏳ System busy with active processing...
[2025-06-30 22:51:55] 📨 Processing queued tweet: OLALA
[2025-06-30 22:51:55] ✅ Moved to processing: OLALA from @FilterCoff36084
[2025-06-30 22:52:01] ⏳ System busy with active processing...
[2025-06-30 22:52:04] ⏳ System busy with active processing...
[2025-06-30 22:52:06] ⏳ System busy with active processing...
[2025-06-30 22:52:11] ⏳ System busy with active processing...
[2025-06-30 22:52:14] ⏳ System busy with active processing...
[2025-06-30 22:52:16] ⏳ System busy with active processing...
[2025-06-30 22:52:21] ⏳ System busy with active processing...
[2025-06-30 22:52:24] ⏳ System busy with active processing...
[2025-06-30 22:52:26] ⏳ System busy with active processing...
[2025-06-30 22:52:31] ⏳ System busy with active processing...
[2025-06-30 22:52:36] ⏳ System busy with active processing...
[2025-06-30 22:52:41] ⏳ System busy with active processing...
[2025-06-30 22:52:46] ⏳ System busy with active processing...
[2025-06-30 22:52:52] ⏳ System busy with active processing...
[2025-06-30 22:52:56] ⏳ System busy with active processing...
[2025-06-30 22:53:02] ⏳ System busy with active processing...
[2025-06-30 22:53:06] ⏳ System busy with active processing...
[2025-06-30 22:53:12] ⏳ System busy with active processing...
[2025-06-30 22:53:17] ⏳ System busy with active processing...
[2025-06-30 22:53:22] ⏳ System busy with active processing...
[2025-06-30 22:53:27] ⏳ System busy with active processing...
[2025-06-30 22:53:32] ⏳ System busy with active processing...
[2025-06-30 22:53:37] ⏳ System busy with active processing...
[2025-06-30 22:53:42] ⏳ System busy with active processing...
[2025-06-30 22:53:47] ⏳ System busy with active processing...
[2025-06-30 22:53:53] ⏳ System busy with active processing...
[2025-06-30 22:53:57] ⏳ System busy with active processing...
[2025-06-30 22:54:03] ⏳ System busy with active processing...
[2025-06-30 22:54:07] ⏳ System busy with active processing...
[2025-06-30 22:54:13] ⏳ System busy with active processing...
[2025-06-30 22:54:18] ⏳ System busy with active processing...
[2025-06-30 22:54:23] ⏳ System busy with active processing...
[2025-06-30 22:54:28] ⏳ System busy with active processing...
[2025-06-30 22:54:33] ⏳ System busy with active processing...
[2025-06-30 22:54:38] ⏳ System busy with active processing...
[2025-06-30 22:54:43] ⏳ System busy with active processing...
[2025-06-30 22:54:48] ⏳ System busy with active processing...
[2025-06-30 22:54:54] ⏳ System busy with active processing...
[2025-06-30 22:54:59] ⏳ System busy with active processing...
[2025-06-30 22:55:04] ⏳ System busy with active processing...
[2025-06-30 22:55:09] ⏳ System busy with active processing...
[2025-06-30 22:55:14] ⏳ System busy with active processing...
[2025-06-30 22:55:19] ⏳ System busy with active processing...
[2025-06-30 22:55:24] ⏳ System busy with active processing...
[2025-06-30 22:55:29] ⏳ System busy with active processing...
[2025-06-30 22:55:34] ⏳ System busy with active processing...
[2025-06-30 22:55:39] ⏳ System busy with active processing...
[2025-06-30 22:55:45] ⏳ System busy with active processing...
[2025-06-30 22:55:49] ⏳ System busy with active processing...
[2025-06-30 22:55:55] ⏳ System busy with active processing...
[2025-06-30 22:56:00] ⏳ System busy with active processing...
[2025-06-30 22:56:05] ⏳ System busy with active processing...
[2025-06-30 22:56:10] ⏳ System busy with active processing...
[2025-06-30 22:56:15] ⏳ System busy with active processing...
[2025-06-30 22:56:20] ⏳ System busy with active processing...
[2025-06-30 22:56:25] ⏳ System busy with active processing...
[2025-06-30 22:56:30] ⏳ System busy with active processing...
[2025-06-30 22:56:35] ⏳ System busy with active processing...
[2025-06-30 22:56:40] ⏳ System busy with active processing...
[2025-06-30 22:56:45] ⏳ System busy with active processing...
[2025-06-30 22:56:50] ⏳ System busy with active processing...
[2025-06-30 22:56:56] ⏳ System busy with active processing...
[2025-06-30 22:57:01] ⏳ System busy with active processing...
[2025-06-30 22:57:06] ⏳ System busy with active processing...
[2025-06-30 22:57:11] ⏳ System busy with active processing...
[2025-06-30 22:57:16] ⏳ System busy with active processing...
[2025-06-30 22:57:21] ⏳ System busy with active processing...
[2025-06-30 22:57:26] ⏳ System busy with active processing...
[2025-06-30 22:57:31] ⏳ System busy with active processing...
[2025-06-30 22:57:36] ⏳ System busy with active processing...
[2025-06-30 22:57:41] ⏳ System busy with active processing...
[2025-06-30 22:57:46] ⏳ System busy with active processing...
[2025-06-30 22:57:51] ⏳ System busy with active processing...
[2025-06-30 22:57:57] ⏳ System busy with active processing...
[2025-06-30 22:58:02] ⏳ System busy with active processing...
[2025-06-30 22:58:07] ⏳ System busy with active processing...
[2025-06-30 22:58:12] ⏳ System busy with active processing...
[2025-06-30 22:58:17] ⏳ System busy with active processing...
[2025-06-30 22:58:22] ⏳ System busy with active processing...
[2025-06-30 22:58:27] ⏳ System busy with active processing...
[2025-06-30 22:58:32] ⏳ System busy with active processing...
[2025-06-30 22:58:37] ⏳ System busy with active processing...
[2025-06-30 22:58:42] ⏳ System busy with active processing...
[2025-06-30 22:58:48] ⏳ System busy with active processing...
[2025-06-30 22:58:52] ⏳ System busy with active processing...
[2025-06-30 22:58:58] ⏳ System busy with active processing...
[2025-06-30 22:59:03] ⏳ System busy with active processing...
[2025-06-30 22:59:08] ⏳ System busy with active processing...
[2025-06-30 22:59:13] ⏳ System busy with active processing...
[2025-06-30 22:59:18] ⏳ System busy with active processing...
[2025-06-30 22:59:23] ⏳ System busy with active processing...
[2025-06-30 22:59:28] ⏳ System busy with active processing...
[2025-06-30 22:59:33] ⏳ System busy with active processing...
[2025-06-30 22:59:38] ⏳ System busy with active processing...
[2025-06-30 22:59:43] ⏳ System busy with active processing...
[2025-06-30 22:59:49] ⏳ System busy with active processing...
[2025-06-30 22:59:53] ⏳ System busy with active processing...
[2025-06-30 22:59:59] ⏳ System busy with active processing...
[2025-06-30 23:00:03] ⏳ System busy with active processing...
[2025-06-30 23:00:09] ⏳ System busy with active processing...
[2025-06-30 23:00:14] ⏳ System busy with active processing...
[2025-06-30 23:00:19] ⏳ System busy with active processing...
[2025-06-30 23:00:24] ⏳ System busy with active processing...
[2025-06-30 23:00:29] ⏳ System busy with active processing...
[2025-06-30 23:00:34] ⏳ System busy with active processing...
[2025-06-30 23:00:39] ⏳ System busy with active processing...
[2025-06-30 23:00:44] ⏳ System busy with active processing...
[2025-06-30 23:00:50] ⏳ System busy with active processing...
[2025-06-30 23:00:54] ⏳ System busy with active processing...
[2025-06-30 23:01:00] ⏳ System busy with active processing...
[2025-06-30 23:01:05] ⏳ System busy with active processing...
[2025-06-30 23:01:10] ⏳ System busy with active processing...
[2025-06-30 23:01:15] ⏳ System busy with active processing...
[2025-06-30 23:01:20] ⏳ System busy with active processing...
[2025-06-30 23:01:25] ⏳ System busy with active processing...
[2025-06-30 23:01:30] ⏳ System busy with active processing...
[2025-06-30 23:01:35] ⏳ System busy with active processing...
[2025-06-30 23:01:40] ⏳ System busy with active processing...
[2025-06-30 23:01:45] ⏳ System busy with active processing...
[2025-06-30 23:01:51] ⏳ System busy with active processing...
[2025-06-30 23:01:56] ⏳ System busy with active processing...
[2025-06-30 23:02:01] ⏳ System busy with active processing...
[2025-06-30 23:02:06] ⏳ System busy with active processing...
[2025-06-30 23:02:11] ⏳ System busy with active processing...
[2025-06-30 23:02:16] ⏳ System busy with active processing...
[2025-06-30 23:02:21] ⏳ System busy with active processing...
[2025-06-30 23:02:26] ⏳ System busy with active processing...
[2025-06-30 23:02:31] ⏳ System busy with active processing...
[2025-06-30 23:02:36] ⏳ System busy with active processing...
[2025-06-30 23:02:42] ⏳ System busy with active processing...
[2025-06-30 23:02:46] ⏳ System busy with active processing...
[2025-06-30 23:02:52] ⏳ System busy with active processing...
[2025-06-30 23:02:57] ⏳ System busy with active processing...
[2025-06-30 23:03:02] ⏳ System busy with active processing...
[2025-06-30 23:03:07] ⏳ System busy with active processing...
[2025-06-30 23:03:12] ⏳ System busy with active processing...
[2025-06-30 23:03:17] ⏳ System busy with active processing...
[2025-06-30 23:03:22] ⏳ System busy with active processing...
[2025-06-30 23:03:27] ⏳ System busy with active processing...
[2025-06-30 23:03:32] ⏳ System busy with active processing...
[2025-06-30 23:03:37] ⏳ System busy with active processing...
[2025-06-30 23:03:49] ⏳ System busy with active processing...
[2025-06-30 23:03:49] ⏳ System busy with active processing...
[2025-06-30 23:03:59] ⏳ System busy with active processing...
[2025-06-30 23:03:59] ⏳ System busy with active processing...
[2025-06-30 23:04:09] ⏳ System busy with active processing...
[2025-06-30 23:04:09] ⏳ System busy with active processing...
[2025-06-30 23:04:19] ⏳ System busy with active processing...
[2025-06-30 23:04:19] ⏳ System busy with active processing...
[2025-06-30 23:04:29] ⏳ System busy with active processing...
[2025-06-30 23:04:29] ⏳ System busy with active processing...
[2025-06-30 23:04:40] ⏳ System busy with active processing...
[2025-06-30 23:04:40] ⏳ System busy with active processing...
[2025-06-30 23:04:50] ⏳ System busy with active processing...
[2025-06-30 23:04:50] ⏳ System busy with active processing...
[2025-06-30 23:05:00] ⏳ System busy with active processing...
[2025-06-30 23:05:00] ⏳ System busy with active processing...
[2025-06-30 23:05:10] ⏳ System busy with active processing...
[2025-06-30 23:05:10] ⏳ System busy with active processing...
[2025-06-30 23:05:20] ⏳ System busy with active processing...
[2025-06-30 23:05:20] ⏳ System busy with active processing...
[2025-06-30 23:05:30] ⏳ System busy with active processing...
[2025-06-30 23:05:30] ⏳ System busy with active processing...
[2025-06-30 23:05:41] ⏳ System busy with active processing...
[2025-06-30 23:05:41] ⏳ System busy with active processing...
[2025-06-30 23:05:51] ⏳ System busy with active processing...
[2025-06-30 23:05:51] ⏳ System busy with active processing...
[2025-06-30 23:06:01] ⏳ System busy with active processing...
[2025-06-30 23:06:01] ⏳ System busy with active processing...
[2025-06-30 23:06:11] ⏳ System busy with active processing...
[2025-06-30 23:06:11] ⏳ System busy with active processing...
[2025-06-30 23:06:21] ⏳ System busy with active processing...
[2025-06-30 23:06:21] ⏳ System busy with active processing...
[2025-06-30 23:06:31] ⏳ System busy with active processing...
[2025-06-30 23:06:31] ⏳ System busy with active processing...
[2025-06-30 23:06:42] ⏳ System busy with active processing...
[2025-06-30 23:06:42] ⏳ System busy with active processing...
[2025-06-30 23:06:52] ⏳ System busy with active processing...
[2025-06-30 23:06:52] ⏳ System busy with active processing...
[2025-06-30 23:07:02] ⏳ System busy with active processing...
[2025-06-30 23:07:02] ⏳ System busy with active processing...
[2025-06-30 23:07:12] ⏳ System busy with active processing...
[2025-06-30 23:07:12] ⏳ System busy with active processing...
[2025-06-30 23:07:22] ⏳ System busy with active processing...
[2025-06-30 23:07:22] ⏳ System busy with active processing...
[2025-06-30 23:07:32] ⏳ System busy with active processing...
[2025-06-30 23:07:32] ⏳ System busy with active processing...
[2025-06-30 23:07:43] ⏳ System busy with active processing...
[2025-06-30 23:07:43] ⏳ System busy with active processing...
[2025-06-30 23:07:53] ⏳ System busy with active processing...
[2025-06-30 23:07:53] ⏳ System busy with active processing...
[2025-06-30 23:08:03] ⏳ System busy with active processing...
[2025-06-30 23:08:03] ⏳ System busy with active processing...
[2025-06-30 23:08:13] ⏳ System busy with active processing...
[2025-06-30 23:08:13] ⏳ System busy with active processing...
[2025-06-30 23:08:23] ⏳ System busy with active processing...
[2025-06-30 23:08:23] ⏳ System busy with active processing...
[2025-06-30 23:08:33] ⏳ System busy with active processing...
[2025-06-30 23:08:33] ⏳ System busy with active processing...
[2025-06-30 23:08:44] ⏳ System busy with active processing...
[2025-06-30 23:08:45] ⏳ System busy with active processing...
[2025-06-30 23:08:54] ⏳ System busy with active processing...
[2025-06-30 23:08:55] ⏳ System busy with active processing...
[2025-06-30 23:09:04] ⏳ System busy with active processing...
[2025-06-30 23:09:05] ⏳ System busy with active processing...
[2025-06-30 23:09:14] ⏳ System busy with active processing...
[2025-06-30 23:09:15] ⏳ System busy with active processing...
[2025-06-30 23:09:25] ⏳ System busy with active processing...
[2025-06-30 23:09:25] ⏳ System busy with active processing...
[2025-06-30 23:09:35] ⏳ System busy with active processing...
[2025-06-30 23:09:35] ⏳ System busy with active processing...
[2025-06-30 23:09:45] ⏳ System busy with active processing...
[2025-06-30 23:09:46] ⏳ System busy with active processing...
[2025-06-30 23:09:55] ⏳ System busy with active processing...
[2025-06-30 23:09:56] ⏳ System busy with active processing...
[2025-06-30 23:10:05] ⏳ System busy with active processing...
[2025-06-30 23:10:06] ⏳ System busy with active processing...
[2025-06-30 23:10:15] ⏳ System busy with active processing...
[2025-06-30 23:10:16] ⏳ System busy with active processing...
[2025-06-30 23:10:25] ⏳ System busy with active processing...
[2025-06-30 23:10:26] ⏳ System busy with active processing...
[2025-06-30 23:10:36] ⏳ System busy with active processing...
[2025-06-30 23:10:36] ⏳ System busy with active processing...
[2025-06-30 23:10:46] ⏳ System busy with active processing...
[2025-06-30 23:10:47] ⏳ System busy with active processing...
[2025-06-30 23:10:56] ⏳ System busy with active processing...
[2025-06-30 23:10:57] ⏳ System busy with active processing...
[2025-06-30 23:11:06] ⏳ System busy with active processing...
[2025-06-30 23:11:07] ⏳ System busy with active processing...
[2025-06-30 23:11:16] ⏳ System busy with active processing...
[2025-06-30 23:11:17] ⏳ System busy with active processing...
[2025-06-30 23:11:26] ⏳ System busy with active processing...
[2025-06-30 23:11:27] ⏳ System busy with active processing...
[2025-06-30 23:11:39] ⏳ System busy with active processing...
[2025-06-30 23:11:39] ⏳ System busy with active processing...
[2025-06-30 23:11:50] ⏳ System busy with active processing...
[2025-06-30 23:11:50] ⏳ System busy with active processing...
[2025-06-30 23:12:00] ⏳ System busy with active processing...
[2025-06-30 23:12:00] ⏳ System busy with active processing...
[2025-06-30 23:12:10] ⏳ System busy with active processing...
[2025-06-30 23:12:10] ⏳ System busy with active processing...
[2025-06-30 23:12:20] ⏳ System busy with active processing...
[2025-06-30 23:12:20] ⏳ System busy with active processing...
[2025-06-30 23:12:30] ⏳ System busy with active processing...
[2025-06-30 23:12:30] ⏳ System busy with active processing...
[2025-06-30 23:12:41] ⏳ System busy with active processing...
[2025-06-30 23:12:41] ⏳ System busy with active processing...
[2025-06-30 23:12:51] ⏳ System busy with active processing...
[2025-06-30 23:12:51] ⏳ System busy with active processing...
[2025-06-30 23:13:01] ⏳ System busy with active processing...
[2025-06-30 23:13:01] ⏳ System busy with active processing...
[2025-06-30 23:13:11] ⏳ System busy with active processing...
[2025-06-30 23:13:11] ⏳ System busy with active processing...
[2025-06-30 23:13:21] ⏳ System busy with active processing...
[2025-06-30 23:13:21] ⏳ System busy with active processing...
[2025-06-30 23:13:32] ⏳ System busy with active processing...
[2025-06-30 23:13:32] ⏳ System busy with active processing...
[2025-06-30 23:13:42] ⏳ System busy with active processing...
[2025-06-30 23:13:42] ⏳ System busy with active processing...
[2025-06-30 23:13:52] ⏳ System busy with active processing...
[2025-06-30 23:13:52] ⏳ System busy with active processing...
[2025-06-30 23:14:02] ⏳ System busy with active processing...
[2025-06-30 23:14:02] ⏳ System busy with active processing...
[2025-06-30 23:14:12] ⏳ System busy with active processing...
[2025-06-30 23:14:12] ⏳ System busy with active processing...
[2025-06-30 23:14:22] ⏳ System busy with active processing...
[2025-06-30 23:14:22] ⏳ System busy with active processing...
[2025-06-30 23:14:33] ⏳ System busy with active processing...
[2025-06-30 23:14:33] ⏳ System busy with active processing...
[2025-06-30 23:14:43] ⏳ System busy with active processing...
[2025-06-30 23:14:43] ⏳ System busy with active processing...
[2025-06-30 23:14:53] ⏳ System busy with active processing...
[2025-06-30 23:14:53] ⏳ System busy with active processing...
[2025-06-30 23:15:03] ⏳ System busy with active processing...
[2025-06-30 23:15:03] ⏳ System busy with active processing...
[2025-06-30 23:15:13] ⏳ System busy with active processing...
[2025-06-30 23:15:13] ⏳ System busy with active processing...
[2025-06-30 23:15:23] ⏳ System busy with active processing...
[2025-06-30 23:15:23] ⏳ System busy with active processing...
[2025-06-30 23:15:34] ⏳ System busy with active processing...
[2025-06-30 23:15:34] ⏳ System busy with active processing...
[2025-06-30 23:15:44] ⏳ System busy with active processing...
[2025-06-30 23:15:44] ⏳ System busy with active processing...
[2025-06-30 23:15:54] ⏳ System busy with active processing...
[2025-06-30 23:15:54] ⏳ System busy with active processing...
[2025-06-30 23:16:04] ⏳ System busy with active processing...
[2025-06-30 23:16:04] ⏳ System busy with active processing...
[2025-06-30 23:16:14] ⏳ System busy with active processing...
[2025-06-30 23:16:14] ⏳ System busy with active processing...
[2025-06-30 23:16:24] ⏳ System busy with active processing...
[2025-06-30 23:16:24] ⏳ System busy with active processing...
[2025-06-30 23:16:35] ⏳ System busy with active processing...
[2025-06-30 23:16:35] ⏳ System busy with active processing...
[2025-06-30 23:16:45] ⏳ System busy with active processing...
[2025-06-30 23:16:45] ⏳ System busy with active processing...
[2025-06-30 23:16:55] ⏳ System busy with active processing...
[2025-06-30 23:16:55] ⏳ System busy with active processing...
[2025-06-30 23:17:05] ⏳ System busy with active processing...
[2025-06-30 23:17:05] ⏳ System busy with active processing...
[2025-06-30 23:17:15] ⏳ System busy with active processing...
[2025-06-30 23:17:15] ⏳ System busy with active processing...
[2025-06-30 23:17:25] ⏳ System busy with active processing...
[2025-06-30 23:17:26] ⏳ System busy with active processing...
[2025-06-30 23:17:36] ❌ Unexpected error: [Errno 32] Broken pipe
[2025-06-30 23:17:36] ❌ Unexpected error: [Errno 32] Broken pipe
[2025-06-30 23:18:06] ⏳ System busy with active processing...
[2025-06-30 23:18:06] ⏳ System busy with active processing...
[2025-06-30 23:18:16] ⏳ System busy with active processing...
[2025-06-30 23:18:16] ⏳ System busy with active processing...
[2025-06-30 23:18:26] ⏳ System busy with active processing...
[2025-06-30 23:18:26] ⏳ System busy with active processing...
[2025-06-30 23:18:36] ⏳ System busy with active processing...
[2025-06-30 23:18:36] ⏳ System busy with active processing...
[2025-06-30 23:18:46] ⏳ System busy with active processing...
[2025-06-30 23:18:46] ⏳ System busy with active processing...
[2025-06-30 23:18:57] ⏳ System busy with active processing...
[2025-06-30 23:18:57] ⏳ System busy with active processing...
[2025-06-30 23:19:07] ⏳ System busy with active processing...
[2025-06-30 23:19:07] ⏳ System busy with active processing...
[2025-06-30 23:19:17] ⏳ System busy with active processing...
[2025-06-30 23:19:17] ⏳ System busy with active processing...
[2025-06-30 23:19:27] ⏳ System busy with active processing...
[2025-06-30 23:19:27] ⏳ System busy with active processing...
[2025-06-30 23:19:37] ⏳ System busy with active processing...
[2025-06-30 23:19:37] ⏳ System busy with active processing...
[2025-06-30 23:19:47] ⏳ System busy with active processing...
[2025-06-30 23:19:48] ⏳ System busy with active processing...
[2025-06-30 23:19:58] ⏳ System busy with active processing...
[2025-06-30 23:19:58] ⏳ System busy with active processing...
[2025-06-30 23:20:08] ⏳ System busy with active processing...
[2025-06-30 23:20:08] ⏳ System busy with active processing...
[2025-06-30 23:20:18] ⏳ System busy with active processing...
[2025-06-30 23:20:18] ⏳ System busy with active processing...
[2025-06-30 23:20:28] ⏳ System busy with active processing...
[2025-06-30 23:20:28] ⏳ System busy with active processing...
[2025-06-30 23:20:38] ⏳ System busy with active processing...
[2025-06-30 23:20:38] ⏳ System busy with active processing...
[2025-06-30 23:20:48] ⏳ System busy with active processing...
[2025-06-30 23:20:49] ⏳ System busy with active processing...
[2025-06-30 23:20:59] ⏳ System busy with active processing...
[2025-06-30 23:20:59] ⏳ System busy with active processing...
[2025-06-30 23:21:09] ⏳ System busy with active processing...
[2025-06-30 23:21:09] ⏳ System busy with active processing...
[2025-06-30 23:21:19] ⏳ System busy with active processing...
[2025-06-30 23:21:19] ⏳ System busy with active processing...
[2025-06-30 23:21:29] ⏳ System busy with active processing...
[2025-06-30 23:21:29] ⏳ System busy with active processing...
[2025-06-30 23:21:39] ⏳ System busy with active processing...
[2025-06-30 23:21:39] ⏳ System busy with active processing...
[2025-06-30 23:21:49] ⏳ System busy with active processing...
[2025-06-30 23:21:49] ⏳ System busy with active processing...
[2025-06-30 23:22:00] ⏳ System busy with active processing...
[2025-06-30 23:22:00] ⏳ System busy with active processing...
[2025-06-30 23:22:10] ⏳ System busy with active processing...
[2025-06-30 23:22:10] ⏳ System busy with active processing...
[2025-06-30 23:22:20] ⏳ System busy with active processing...
[2025-06-30 23:22:20] ⏳ System busy with active processing...
[2025-06-30 23:22:30] ⏳ System busy with active processing...
[2025-06-30 23:22:30] ⏳ System busy with active processing...
[2025-06-30 23:22:40] ⏳ System busy with active processing...
[2025-06-30 23:22:40] ⏳ System busy with active processing...
[2025-06-30 23:22:50] ⏳ System busy with active processing...
[2025-06-30 23:22:51] ⏳ System busy with active processing...
[2025-06-30 23:23:01] ⏳ System busy with active processing...
[2025-06-30 23:23:01] ⏳ System busy with active processing...
[2025-06-30 23:23:11] ⏳ System busy with active processing...
[2025-06-30 23:23:11] ⏳ System busy with active processing...
[2025-06-30 23:23:21] ⏳ System busy with active processing...
[2025-06-30 23:23:21] ⏳ System busy with active processing...
[2025-06-30 23:23:31] ⏳ System busy with active processing...
[2025-06-30 23:23:31] ⏳ System busy with active processing...
[2025-06-30 23:23:41] ⏳ System busy with active processing...
[2025-06-30 23:23:41] ⏳ System busy with active processing...
[2025-06-30 23:23:51] ⏳ System busy with active processing...
[2025-06-30 23:23:52] ⏳ System busy with active processing...
[2025-06-30 23:24:02] ⏳ System busy with active processing...
[2025-06-30 23:24:02] ⏳ System busy with active processing...
[2025-06-30 23:24:12] ⏳ System busy with active processing...
[2025-06-30 23:24:12] ⏳ System busy with active processing...
[2025-06-30 23:24:22] ⏳ System busy with active processing...
[2025-06-30 23:24:22] ⏳ System busy with active processing...
[2025-06-30 23:24:32] ⏳ System busy with active processing...
[2025-06-30 23:24:32] ⏳ System busy with active processing...
[2025-06-30 23:24:42] ⏳ System busy with active processing...
[2025-06-30 23:24:42] ⏳ System busy with active processing...
[2025-06-30 23:24:52] ⏳ System busy with active processing...
[2025-06-30 23:24:53] ⏳ System busy with active processing...
[2025-06-30 23:25:03] ⏳ System busy with active processing...
[2025-06-30 23:25:03] ⏳ System busy with active processing...
[2025-06-30 23:25:13] ⏳ System busy with active processing...
[2025-06-30 23:25:13] ⏳ System busy with active processing...
[2025-06-30 23:25:23] ⏳ System busy with active processing...
[2025-06-30 23:25:23] ⏳ System busy with active processing...
[2025-06-30 23:25:33] ⏳ System busy with active processing...
[2025-06-30 23:25:33] ⏳ System busy with active processing...
[2025-06-30 23:25:43] ⏳ System busy with active processing...
[2025-06-30 23:25:43] ⏳ System busy with active processing...
[2025-06-30 23:25:53] ⏳ System busy with active processing...
[2025-06-30 23:25:53] ⏳ System busy with active processing...
[2025-06-30 23:26:04] ⏳ System busy with active processing...
[2025-06-30 23:26:04] ⏳ System busy with active processing...
[2025-06-30 23:26:14] ⏳ System busy with active processing...
[2025-06-30 23:26:14] ⏳ System busy with active processing...
[2025-06-30 23:26:24] ⏳ System busy with active processing...
[2025-06-30 23:26:24] ⏳ System busy with active processing...
[2025-06-30 23:26:34] ⏳ System busy with active processing...
[2025-06-30 23:26:34] ⏳ System busy with active processing...
[2025-06-30 23:26:44] ⏳ System busy with active processing...
[2025-06-30 23:26:44] ⏳ System busy with active processing...
[2025-06-30 23:26:54] ⏳ System busy with active processing...
[2025-06-30 23:26:55] ⏳ System busy with active processing...
[2025-06-30 23:27:05] ⏳ System busy with active processing...
[2025-06-30 23:27:05] ⏳ System busy with active processing...
[2025-06-30 23:27:15] ⏳ System busy with active processing...
[2025-06-30 23:27:15] ⏳ System busy with active processing...
[2025-06-30 23:27:25] ⏳ System busy with active processing...
[2025-06-30 23:27:25] ⏳ System busy with active processing...
[2025-06-30 23:27:35] ⏳ System busy with active processing...
[2025-06-30 23:27:35] ⏳ System busy with active processing...
[2025-06-30 23:27:45] ⏳ System busy with active processing...
[2025-06-30 23:27:45] ⏳ System busy with active processing...
[2025-06-30 23:27:55] ⏳ System busy with active processing...
[2025-06-30 23:27:56] ⏳ System busy with active processing...
[2025-06-30 23:28:05] ⏳ System busy with active processing...
[2025-06-30 23:28:06] ⏳ System busy with active processing...
[2025-06-30 23:28:16] ⏳ System busy with active processing...
[2025-06-30 23:28:16] ⏳ System busy with active processing...
[2025-06-30 23:28:26] ⏳ System busy with active processing...
[2025-06-30 23:28:26] ⏳ System busy with active processing...
[2025-06-30 23:28:36] ⏳ System busy with active processing...
[2025-06-30 23:28:36] ⏳ System busy with active processing...
[2025-06-30 23:28:46] ⏳ System busy with active processing...
[2025-06-30 23:28:46] ⏳ System busy with active processing...
[2025-06-30 23:28:56] ⏳ System busy with active processing...
[2025-06-30 23:28:57] ⏳ System busy with active processing...
[2025-06-30 23:29:06] ⏳ System busy with active processing...
[2025-06-30 23:29:07] ⏳ System busy with active processing...
[2025-06-30 23:29:17] ⏳ System busy with active processing...
[2025-06-30 23:29:17] ⏳ System busy with active processing...
[2025-06-30 23:29:27] ⏳ System busy with active processing...
[2025-06-30 23:29:27] ⏳ System busy with active processing...
[2025-06-30 23:29:37] ⏳ System busy with active processing...
[2025-06-30 23:29:37] ⏳ System busy with active processing...
[2025-06-30 23:29:47] ⏳ System busy with active processing...
[2025-06-30 23:29:47] ⏳ System busy with active processing...
[2025-06-30 23:29:57] ⏳ System busy with active processing...
[2025-06-30 23:29:58] ⏳ System busy with active processing...
[2025-06-30 23:30:08] ⏳ System busy with active processing...
[2025-06-30 23:30:08] ⏳ System busy with active processing...
[2025-06-30 23:30:18] ⏳ System busy with active processing...
[2025-06-30 23:30:18] ⏳ System busy with active processing...
[2025-06-30 23:30:28] ⏳ System busy with active processing...
[2025-06-30 23:30:28] ⏳ System busy with active processing...
[2025-06-30 23:30:38] ⏳ System busy with active processing...
[2025-06-30 23:30:38] ⏳ System busy with active processing...
[2025-06-30 23:30:48] ⏳ System busy with active processing...
[2025-06-30 23:30:48] ⏳ System busy with active processing...
[2025-06-30 23:30:58] ⏳ System busy with active processing...
[2025-06-30 23:30:59] ⏳ System busy with active processing...
[2025-06-30 23:31:09] ⏳ System busy with active processing...
[2025-06-30 23:31:09] ⏳ System busy with active processing...
[2025-06-30 23:31:19] ⏳ System busy with active processing...
[2025-06-30 23:31:19] ⏳ System busy with active processing...
[2025-06-30 23:31:29] ⏳ System busy with active processing...
[2025-06-30 23:31:29] ⏳ System busy with active processing...
[2025-06-30 23:31:39] ⏳ System busy with active processing...
[2025-06-30 23:31:39] ⏳ System busy with active processing...
[2025-06-30 23:31:49] ⏳ System busy with active processing...
[2025-06-30 23:31:49] ⏳ System busy with active processing...
[2025-06-30 23:32:00] ⏳ System busy with active processing...
[2025-06-30 23:32:00] ⏳ System busy with active processing...
[2025-06-30 23:32:10] ⏳ System busy with active processing...
[2025-06-30 23:32:10] ⏳ System busy with active processing...
[2025-06-30 23:32:20] ⏳ System busy with active processing...
[2025-06-30 23:32:20] ⏳ System busy with active processing...
[2025-06-30 23:32:30] ⏳ System busy with active processing...
[2025-06-30 23:32:30] ⏳ System busy with active processing...
[2025-06-30 23:32:40] ⏳ System busy with active processing...
[2025-06-30 23:32:40] ⏳ System busy with active processing...
[2025-06-30 23:32:50] ⏳ System busy with active processing...
[2025-06-30 23:32:51] ⏳ System busy with active processing...
[2025-06-30 23:33:01] ⏳ System busy with active processing...
[2025-06-30 23:33:01] ⏳ System busy with active processing...
[2025-06-30 23:33:11] ⏳ System busy with active processing...
[2025-06-30 23:33:11] ⏳ System busy with active processing...
[2025-06-30 23:33:21] ⏳ System busy with active processing...
[2025-06-30 23:33:21] ⏳ System busy with active processing...
[2025-06-30 23:33:31] ⏳ System busy with active processing...
[2025-06-30 23:33:31] ⏳ System busy with active processing...
[2025-06-30 23:33:41] ⏳ System busy with active processing...
[2025-06-30 23:33:41] ⏳ System busy with active processing...
[2025-06-30 23:33:51] ⏳ System busy with active processing...
[2025-06-30 23:33:52] ⏳ System busy with active processing...
[2025-06-30 23:34:02] ⏳ System busy with active processing...
[2025-06-30 23:34:02] ⏳ System busy with active processing...
[2025-06-30 23:34:12] ⏳ System busy with active processing...
[2025-06-30 23:34:12] ⏳ System busy with active processing...
[2025-06-30 23:34:22] ⏳ System busy with active processing...
[2025-06-30 23:34:22] ⏳ System busy with active processing...
[2025-06-30 23:34:32] ⏳ System busy with active processing...
[2025-06-30 23:34:32] ⏳ System busy with active processing...
[2025-06-30 23:34:42] ⏳ System busy with active processing...
[2025-06-30 23:34:42] ⏳ System busy with active processing...
[2025-06-30 23:34:52] ⏳ System busy with active processing...
[2025-06-30 23:34:53] ⏳ System busy with active processing...
[2025-06-30 23:35:03] ⏳ System busy with active processing...
[2025-06-30 23:35:03] ⏳ System busy with active processing...
[2025-06-30 23:35:13] ⏳ System busy with active processing...
[2025-06-30 23:35:13] ⏳ System busy with active processing...
[2025-06-30 23:35:23] ⏳ System busy with active processing...
[2025-06-30 23:35:23] ⏳ System busy with active processing...
[2025-06-30 23:35:33] ⏳ System busy with active processing...
[2025-06-30 23:35:33] ⏳ System busy with active processing...
[2025-06-30 23:35:43] ⏳ System busy with active processing...
[2025-06-30 23:35:43] ⏳ System busy with active processing...
[2025-06-30 23:35:53] ⏳ System busy with active processing...
[2025-06-30 23:35:53] ⏳ System busy with active processing...
[2025-06-30 23:36:03] ⏳ System busy with active processing...
[2025-06-30 23:36:04] ⏳ System busy with active processing...
[2025-06-30 23:36:14] ⏳ System busy with active processing...
[2025-06-30 23:36:14] ⏳ System busy with active processing...
[2025-06-30 23:36:24] ⏳ System busy with active processing...
[2025-06-30 23:36:24] ⏳ System busy with active processing...
[2025-06-30 23:36:34] ⏳ System busy with active processing...
[2025-06-30 23:36:34] ⏳ System busy with active processing...
[2025-06-30 23:36:44] ⏳ System busy with active processing...
[2025-06-30 23:36:44] ⏳ System busy with active processing...
[2025-06-30 23:36:55] ⏳ System busy with active processing...
[2025-06-30 23:36:55] ⏳ System busy with active processing...
[2025-06-30 23:37:05] ⏳ System busy with active processing...
[2025-06-30 23:37:05] ⏳ System busy with active processing...
[2025-06-30 23:37:15] ⏳ System busy with active processing...
[2025-06-30 23:37:15] ⏳ System busy with active processing...
[2025-06-30 23:37:25] ⏳ System busy with active processing...
[2025-06-30 23:37:25] ⏳ System busy with active processing...
[2025-06-30 23:37:35] ⏳ System busy with active processing...
[2025-06-30 23:37:35] ⏳ System busy with active processing...
[2025-06-30 23:37:45] ⏳ System busy with active processing...
[2025-06-30 23:37:45] ⏳ System busy with active processing...
[2025-06-30 23:37:56] ⏳ System busy with active processing...
[2025-06-30 23:37:56] ⏳ System busy with active processing...
[2025-06-30 23:38:06] ⏳ System busy with active processing...
[2025-06-30 23:38:06] ⏳ System busy with active processing...
[2025-06-30 23:38:16] ⏳ System busy with active processing...
[2025-06-30 23:38:16] ⏳ System busy with active processing...
[2025-06-30 23:38:26] ⏳ System busy with active processing...
[2025-06-30 23:38:26] ⏳ System busy with active processing...
[2025-06-30 23:38:36] ⏳ System busy with active processing...
[2025-06-30 23:38:36] ⏳ System busy with active processing...
[2025-06-30 23:38:46] ⏳ System busy with active processing...
[2025-06-30 23:38:46] ⏳ System busy with active processing...
[2025-06-30 23:38:57] ⏳ System busy with active processing...
[2025-06-30 23:38:57] ⏳ System busy with active processing...
[2025-06-30 23:39:07] ⏳ System busy with active processing...
[2025-06-30 23:39:07] ⏳ System busy with active processing...
[2025-06-30 23:39:17] ⏳ System busy with active processing...
[2025-06-30 23:39:17] ⏳ System busy with active processing...
[2025-06-30 23:39:27] ❌ Unexpected error: [Errno 32] Broken pipe
[2025-06-30 23:39:27] ❌ Unexpected error: [Errno 32] Broken pipe
[2025-06-30 23:39:57] ⏳ System busy with active processing...
[2025-06-30 23:39:57] ⏳ System busy with active processing...
[2025-06-30 23:40:07] ⏳ System busy with active processing...
[2025-06-30 23:40:07] ⏳ System busy with active processing...
[2025-06-30 23:40:17] ⏳ System busy with active processing...
[2025-06-30 23:40:18] ⏳ System busy with active processing...
[2025-06-30 23:40:28] ⏳ System busy with active processing...
[2025-06-30 23:40:28] ⏳ System busy with active processing...
[2025-06-30 23:40:38] ⏳ System busy with active processing...
[2025-06-30 23:40:38] ⏳ System busy with active processing...
[2025-06-30 23:40:48] ⏳ System busy with active processing...
[2025-06-30 23:40:48] ⏳ System busy with active processing...
[2025-06-30 23:40:58] ⏳ System busy with active processing...
[2025-06-30 23:40:58] ⏳ System busy with active processing...
[2025-06-30 23:41:08] ⏳ System busy with active processing...
[2025-06-30 23:41:08] ⏳ System busy with active processing...
[2025-06-30 23:41:18] ⏳ System busy with active processing...
[2025-06-30 23:41:19] ⏳ System busy with active processing...
[2025-06-30 23:41:29] ⏳ System busy with active processing...
[2025-06-30 23:41:29] ⏳ System busy with active processing...
[2025-06-30 23:41:39] ⏳ System busy with active processing...
[2025-06-30 23:41:39] ⏳ System busy with active processing...
[2025-06-30 23:41:49] ⏳ System busy with active processing...
[2025-06-30 23:41:49] ⏳ System busy with active processing...
[2025-06-30 23:41:59] ⏳ System busy with active processing...
[2025-06-30 23:41:59] ⏳ System busy with active processing...
[2025-06-30 23:42:09] ⏳ System busy with active processing...
[2025-06-30 23:42:09] ⏳ System busy with active processing...
[2025-06-30 23:42:20] ⏳ System busy with active processing...
[2025-06-30 23:42:20] ⏳ System busy with active processing...
[2025-06-30 23:42:30] ⏳ System busy with active processing...
[2025-06-30 23:42:30] ⏳ System busy with active processing...
[2025-06-30 23:42:40] ⏳ System busy with active processing...
[2025-06-30 23:42:40] ⏳ System busy with active processing...
[2025-06-30 23:42:50] ⏳ System busy with active processing...
[2025-06-30 23:42:50] ⏳ System busy with active processing...
[2025-06-30 23:43:00] ⏳ System busy with active processing...
[2025-06-30 23:43:00] ⏳ System busy with active processing...
[2025-06-30 23:43:10] ⏳ System busy with active processing...
[2025-06-30 23:43:10] ⏳ System busy with active processing...
[2025-06-30 23:43:21] ⏳ System busy with active processing...
[2025-06-30 23:43:21] ⏳ System busy with active processing...
[2025-06-30 23:43:31] ⏳ System busy with active processing...
[2025-06-30 23:43:31] ⏳ System busy with active processing...
[2025-06-30 23:43:41] ⏳ System busy with active processing...
[2025-06-30 23:43:41] ⏳ System busy with active processing...
[2025-06-30 23:43:51] ⏳ System busy with active processing...
[2025-06-30 23:43:51] ⏳ System busy with active processing...
[2025-06-30 23:44:01] ⏳ System busy with active processing...
[2025-06-30 23:44:01] ⏳ System busy with active processing...
[2025-06-30 23:44:11] ⏳ System busy with active processing...
[2025-06-30 23:44:11] ⏳ System busy with active processing...
[2025-06-30 23:44:22] ⏳ System busy with active processing...
[2025-06-30 23:44:22] ⏳ System busy with active processing...
[2025-06-30 23:44:32] ⏳ System busy with active processing...
[2025-06-30 23:44:32] ⏳ System busy with active processing...
[2025-06-30 23:44:42] ⏳ System busy with active processing...
[2025-06-30 23:44:42] ⏳ System busy with active processing...
[2025-06-30 23:44:52] ⏳ System busy with active processing...
[2025-06-30 23:44:52] ⏳ System busy with active processing...
[2025-06-30 23:45:02] ⏳ System busy with active processing...
[2025-06-30 23:45:02] ⏳ System busy with active processing...
[2025-06-30 23:45:12] ⏳ System busy with active processing...
[2025-06-30 23:45:12] ⏳ System busy with active processing...
[2025-06-30 23:45:23] ⏳ System busy with active processing...
[2025-06-30 23:45:23] ⏳ System busy with active processing...
[2025-06-30 23:45:33] ⏳ System busy with active processing...
[2025-06-30 23:45:33] ⏳ System busy with active processing...
[2025-06-30 23:45:43] ⏳ System busy with active processing...
[2025-06-30 23:45:43] ⏳ System busy with active processing...
[2025-06-30 23:45:53] ⏳ System busy with active processing...
[2025-06-30 23:45:53] ⏳ System busy with active processing...
[2025-06-30 23:46:03] ⏳ System busy with active processing...
[2025-06-30 23:46:03] ⏳ System busy with active processing...
[2025-06-30 23:46:13] ⏳ System busy with active processing...
[2025-06-30 23:46:13] ⏳ System busy with active processing...
[2025-06-30 23:46:24] ⏳ System busy with active processing...
[2025-06-30 23:46:24] ⏳ System busy with active processing...
[2025-06-30 23:46:34] ⏳ System busy with active processing...
[2025-06-30 23:46:34] ⏳ System busy with active processing...
[2025-06-30 23:46:44] ⏳ System busy with active processing...
[2025-06-30 23:46:44] ⏳ System busy with active processing...
[2025-06-30 23:46:54] ⏳ System busy with active processing...
[2025-06-30 23:46:54] ⏳ System busy with active processing...
[2025-06-30 23:47:04] ⏳ System busy with active processing...
[2025-06-30 23:47:04] ⏳ System busy with active processing...
[2025-06-30 23:47:14] ⏳ System busy with active processing...
[2025-06-30 23:47:14] ⏳ System busy with active processing...
[2025-06-30 23:47:25] ⏳ System busy with active processing...
[2025-06-30 23:47:25] ⏳ System busy with active processing...
[2025-06-30 23:47:35] ⏳ System busy with active processing...
[2025-06-30 23:47:35] ⏳ System busy with active processing...
[2025-06-30 23:47:45] ⏳ System busy with active processing...
[2025-06-30 23:47:45] ⏳ System busy with active processing...
[2025-06-30 23:47:55] ⏳ System busy with active processing...
[2025-06-30 23:47:55] ⏳ System busy with active processing...
[2025-06-30 23:48:05] ⏳ System busy with active processing...
[2025-06-30 23:48:05] ⏳ System busy with active processing...
[2025-06-30 23:48:15] ⏳ System busy with active processing...
[2025-06-30 23:48:15] ⏳ System busy with active processing...
[2025-06-30 23:48:26] ⏳ System busy with active processing...
[2025-06-30 23:48:26] ⏳ System busy with active processing...
[2025-06-30 23:48:36] ⏳ System busy with active processing...
[2025-06-30 23:48:36] ⏳ System busy with active processing...
[2025-06-30 23:48:46] ⏳ System busy with active processing...
[2025-06-30 23:48:46] ⏳ System busy with active processing...
[2025-06-30 23:48:56] ⏳ System busy with active processing...
[2025-06-30 23:48:56] ⏳ System busy with active processing...
[2025-06-30 23:49:06] ⏳ System busy with active processing...
[2025-06-30 23:49:06] ⏳ System busy with active processing...
[2025-06-30 23:49:16] ⏳ System busy with active processing...
[2025-06-30 23:49:16] ⏳ System busy with active processing...
[2025-06-30 23:49:27] ⏳ System busy with active processing...
[2025-06-30 23:49:27] ⏳ System busy with active processing...
[2025-06-30 23:49:37] ⏳ System busy with active processing...
[2025-06-30 23:49:37] ⏳ System busy with active processing...
[2025-06-30 23:49:47] ⏳ System busy with active processing...
[2025-06-30 23:49:47] ⏳ System busy with active processing...
[2025-06-30 23:49:57] ⏳ System busy with active processing...
[2025-06-30 23:49:57] ⏳ System busy with active processing...
[2025-06-30 23:50:07] ⏳ System busy with active processing...
[2025-06-30 23:50:07] ⏳ System busy with active processing...
[2025-06-30 23:50:17] ⏳ System busy with active processing...
[2025-06-30 23:50:17] ⏳ System busy with active processing...
[2025-06-30 23:50:28] ⏳ System busy with active processing...
[2025-06-30 23:50:28] ⏳ System busy with active processing...
[2025-06-30 23:50:38] ⏳ System busy with active processing...
[2025-06-30 23:50:38] ⏳ System busy with active processing...
[2025-06-30 23:50:48] ⏳ System busy with active processing...
[2025-06-30 23:50:48] ⏳ System busy with active processing...
[2025-06-30 23:50:58] ⏳ System busy with active processing...
[2025-06-30 23:50:58] ⏳ System busy with active processing...
[2025-06-30 23:51:08] ⏳ System busy with active processing...
[2025-06-30 23:51:08] ⏳ System busy with active processing...
[2025-06-30 23:51:18] ⏳ System busy with active processing...
[2025-06-30 23:51:18] ⏳ System busy with active processing...
[2025-06-30 23:51:29] ⏳ System busy with active processing...
[2025-06-30 23:51:29] ⏳ System busy with active processing...
[2025-06-30 23:51:39] ⏳ System busy with active processing...
[2025-06-30 23:51:39] ⏳ System busy with active processing...
[2025-06-30 23:51:49] ⏳ System busy with active processing...
[2025-06-30 23:51:49] ⏳ System busy with active processing...
[2025-06-30 23:51:59] ⏳ System busy with active processing...
[2025-06-30 23:51:59] ⏳ System busy with active processing...
[2025-06-30 23:52:09] ⏳ System busy with active processing...
[2025-06-30 23:52:09] ⏳ System busy with active processing...
[2025-06-30 23:52:19] ⏳ System busy with active processing...
[2025-06-30 23:52:20] ⏳ System busy with active processing...
[2025-06-30 23:52:30] ⏳ System busy with active processing...
[2025-06-30 23:52:30] ⏳ System busy with active processing...
[2025-06-30 23:52:40] ⏳ System busy with active processing...
[2025-06-30 23:52:40] ⏳ System busy with active processing...
[2025-06-30 23:52:50] ⏳ System busy with active processing...
[2025-06-30 23:52:50] ⏳ System busy with active processing...
[2025-06-30 23:53:00] ⏳ System busy with active processing...
[2025-06-30 23:53:00] ⏳ System busy with active processing...
[2025-06-30 23:53:10] ⏳ System busy with active processing...
[2025-06-30 23:53:10] ⏳ System busy with active processing...
[2025-06-30 23:53:20] ⏳ System busy with active processing...
[2025-06-30 23:53:20] ⏳ System busy with active processing...
[2025-06-30 23:53:31] ⏳ System busy with active processing...
[2025-06-30 23:53:31] ⏳ System busy with active processing...
[2025-06-30 23:53:41] ⏳ System busy with active processing...
[2025-06-30 23:53:41] ⏳ System busy with active processing...
[2025-06-30 23:53:51] ⏳ System busy with active processing...
[2025-06-30 23:53:51] ⏳ System busy with active processing...
[2025-06-30 23:54:01] ⏳ System busy with active processing...
[2025-06-30 23:54:01] ⏳ System busy with active processing...
[2025-06-30 23:58:52] 🚀 Starting Queue Worker
[2025-06-30 23:58:52] Processing tweets from queue to coins table...
[2025-06-30 23:59:53] 📨 Processing queued tweet: ASDASD
[2025-06-30 23:59:54] ✅ Moved to processing: ASDASD from @FilterCoff36084
[2025-07-01 00:00:00] ⏳ System busy with active processing...
[2025-07-01 00:00:00] ⏳ System busy with active processing...
[2025-07-01 00:00:04] ⏳ System busy with active processing...
[2025-07-01 00:00:10] ⏳ System busy with active processing...
[2025-07-01 00:00:10] ⏳ System busy with active processing...
[2025-07-01 00:00:14] ⏳ System busy with active processing...
[2025-07-01 00:00:20] ⏳ System busy with active processing...
[2025-07-01 00:00:20] ⏳ System busy with active processing...
[2025-07-01 00:00:24] ⏳ System busy with active processing...
[2025-07-01 00:00:30] ⏳ System busy with active processing...
[2025-07-01 00:00:30] ⏳ System busy with active processing...
[2025-07-01 00:00:34] ⏳ System busy with active processing...
[2025-07-01 00:00:40] ⏳ System busy with active processing...
[2025-07-01 00:00:41] ⏳ System busy with active processing...
[2025-07-01 00:00:44] ⏳ System busy with active processing...
[2025-07-01 00:00:50] ⏳ System busy with active processing...
[2025-07-01 00:00:51] ⏳ System busy with active processing...
[2025-07-01 00:00:55] ⏳ System busy with active processing...
[2025-07-01 00:01:01] ⏳ System busy with active processing...
[2025-07-01 00:01:01] ⏳ System busy with active processing...
[2025-07-01 00:01:05] ⏳ System busy with active processing...
[2025-07-01 00:01:11] ⏳ System busy with active processing...
[2025-07-01 00:01:11] ⏳ System busy with active processing...
[2025-07-01 00:01:15] ⏳ System busy with active processing...
[2025-07-01 00:01:21] ⏳ System busy with active processing...
[2025-07-01 00:01:21] ⏳ System busy with active processing...
[2025-07-01 00:01:25] ⏳ System busy with active processing...
[2025-07-01 00:01:31] ⏳ System busy with active processing...
[2025-07-01 00:01:31] ⏳ System busy with active processing...
[2025-07-01 00:01:35] ⏳ System busy with active processing...
[2025-07-01 00:01:41] ⏳ System busy with active processing...
[2025-07-01 00:01:42] ⏳ System busy with active processing...
[2025-07-01 00:01:45] ⏳ System busy with active processing...
[2025-07-01 00:01:51] ⏳ System busy with active processing...
[2025-07-01 00:02:16] 📨 Processing queued tweet: ASDASD
[2025-07-01 00:02:16] ✅ Moved to processing: ASDASD from @FilterCoff36084
[2025-07-01 00:02:22] ⏳ System busy with active processing...
[2025-07-01 00:02:22] ⏳ System busy with active processing...
[2025-07-01 00:02:27] ⏳ System busy with active processing...
[2025-07-01 00:02:32] ⏳ System busy with active processing...
[2025-07-01 00:02:33] ⏳ System busy with active processing...
[2025-07-01 00:02:37] ⏳ System busy with active processing...
[2025-07-01 00:02:42] ⏳ System busy with active processing...
[2025-07-01 00:02:43] ⏳ System busy with active processing...
[2025-07-01 00:02:47] ⏳ System busy with active processing...
[2025-07-01 00:02:53] ⏳ System busy with active processing...
[2025-07-01 00:02:53] ⏳ System busy with active processing...
[2025-07-01 00:02:57] ⏳ System busy with active processing...
[2025-07-01 00:03:03] ⏳ System busy with active processing...
[2025-07-01 00:03:03] ⏳ System busy with active processing...
[2025-07-01 00:03:07] ⏳ System busy with active processing...
[2025-07-01 00:03:13] ⏳ System busy with active processing...
[2025-07-01 00:03:13] ⏳ System busy with active processing...
[2025-07-01 00:03:17] ⏳ System busy with active processing...
[2025-07-01 00:03:23] ⏳ System busy with active processing...
[2025-07-01 00:03:23] ⏳ System busy with active processing...
[2025-07-01 00:03:27] ⏳ System busy with active processing...
[2025-07-01 00:03:33] ⏳ System busy with active processing...
[2025-07-01 00:03:33] ⏳ System busy with active processing...
[2025-07-01 00:03:38] ⏳ System busy with active processing...
[2025-07-01 00:03:43] ⏳ System busy with active processing...
[2025-07-01 00:03:44] ⏳ System busy with active processing...
[2025-07-01 00:03:48] ⏳ System busy with active processing...
[2025-07-01 00:03:53] ⏳ System busy with active processing...
[2025-07-01 00:03:54] ⏳ System busy with active processing...
[2025-07-01 00:03:58] ⏳ System busy with active processing...
[2025-07-01 00:04:04] ⏳ System busy with active processing...
[2025-07-01 00:04:04] ⏳ System busy with active processing...
[2025-07-01 00:04:08] ⏳ System busy with active processing...
[2025-07-01 00:04:14] 📨 Processing queued tweet: HGDFG
[2025-07-01 00:04:14] ⏳ System busy with active processing...
[2025-07-01 00:04:14] ✅ Moved to processing: HGDFG from @FilterCoff36084
[2025-07-01 00:04:18] ⏳ System busy with active processing...
[2025-07-01 00:04:24] ⏳ System busy with active processing...
[2025-07-01 00:04:24] ⏳ System busy with active processing...
[2025-07-01 00:04:28] ⏳ System busy with active processing...
[2025-07-01 00:04:34] ⏳ System busy with active processing...
[2025-07-01 00:04:34] ⏳ System busy with active processing...
[2025-07-01 00:04:39] ⏳ System busy with active processing...
[2025-07-01 00:04:45] ⏳ System busy with active processing...
[2025-07-01 00:04:45] ⏳ System busy with active processing...
[2025-07-01 00:04:49] ⏳ System busy with active processing...
[2025-07-01 00:04:55] ⏳ System busy with active processing...
[2025-07-01 00:04:55] ⏳ System busy with active processing...
[2025-07-01 00:04:59] ⏳ System busy with active processing...
[2025-07-01 00:05:05] ⏳ System busy with active processing...
[2025-07-01 00:05:05] ⏳ System busy with active processing...
[2025-07-01 00:05:09] ⏳ System busy with active processing...
[2025-07-01 00:05:15] ⏳ System busy with active processing...
[2025-07-01 00:05:15] ⏳ System busy with active processing...
[2025-07-01 00:05:19] ⏳ System busy with active processing...
[2025-07-01 00:05:25] ⏳ System busy with active processing...
[2025-07-01 00:05:25] ⏳ System busy with active processing...
[2025-07-01 00:05:29] ⏳ System busy with active processing...
[2025-07-01 00:05:35] ⏳ System busy with active processing...
[2025-07-01 00:05:35] ⏳ System busy with active processing...
[2025-07-01 00:05:39] ⏳ System busy with active processing...
[2025-07-01 00:05:45] ⏳ System busy with active processing...
[2025-07-01 00:05:46] ⏳ System busy with active processing...
[2025-07-01 00:05:50] ⏳ System busy with active processing...
[2025-07-01 00:05:56] ⏳ System busy with active processing...
[2025-07-01 00:05:56] ⏳ System busy with active processing...
[2025-07-01 00:06:00] ⏳ System busy with active processing...
[2025-07-01 00:06:06] 📨 Processing queued tweet: DFGGGGG
[2025-07-01 00:06:06] 📨 Processing queued tweet: HHHHHH
[2025-07-01 00:06:06] ✅ Moved to processing: DFGGGGG from @FilterCoff36084
[2025-07-01 00:06:06] ✅ Moved to processing: HHHHHH from @FilterCoff36084
[2025-07-01 00:06:10] ⏳ System busy with active processing...
[2025-07-01 00:06:16] ⏳ System busy with active processing...
[2025-07-01 00:06:16] ⏳ System busy with active processing...
[2025-07-01 00:06:20] ⏳ System busy with active processing...
[2025-07-01 00:06:26] ⏳ System busy with active processing...
[2025-07-01 00:06:27] ⏳ System busy with active processing...
[2025-07-01 00:06:30] ⏳ System busy with active processing...
[2025-07-01 00:06:37] ⏳ System busy with active processing...
[2025-07-01 00:06:37] ⏳ System busy with active processing...
[2025-07-01 00:06:40] ⏳ System busy with active processing...
[2025-07-01 00:06:47] ⏳ System busy with active processing...
[2025-07-01 00:06:47] ⏳ System busy with active processing...
[2025-07-01 00:06:51] ⏳ System busy with active processing...
[2025-07-01 00:06:57] ⏳ System busy with active processing...
[2025-07-01 00:06:57] ⏳ System busy with active processing...
[2025-07-01 00:07:01] ⏳ System busy with active processing...
[2025-07-01 00:07:07] ⏳ System busy with active processing...
[2025-07-01 00:07:07] ❌ Unexpected error: [Errno 32] Broken pipe
[2025-07-01 00:07:11] ⏳ System busy with active processing...
[2025-07-01 00:07:17] ⏳ System busy with active processing...
[2025-07-01 00:07:21] ⏳ System busy with active processing...
[2025-07-01 00:07:27] ❌ Unexpected error: [Errno 32] Broken pipe
[2025-07-01 00:07:31] ⏳ System busy with active processing...
[2025-07-01 00:07:37] ⏳ System busy with active processing...
[2025-07-01 00:07:48] ⏳ System busy with active processing...
[2025-07-01 00:07:58] ⏳ System busy with active processing...
[2025-07-01 00:07:58] ⏳ System busy with active processing...
[2025-07-01 00:08:08] ⏳ System busy with active processing...
[2025-07-01 00:08:08] ⏳ System busy with active processing...
[2025-07-01 00:08:18] ⏳ System busy with active processing...
[2025-07-01 00:08:18] ⏳ System busy with active processing...
[2025-07-01 00:08:28] ⏳ System busy with active processing...
[2025-07-01 00:08:28] ⏳ System busy with active processing...
[2025-07-01 00:08:38] ⏳ System busy with active processing...
[2025-07-01 00:08:39] ⏳ System busy with active processing...
[2025-07-01 00:08:48] ⏳ System busy with active processing...
[2025-07-01 00:08:49] ⏳ System busy with active processing...
[2025-07-01 00:08:59] ⏳ System busy with active processing...
[2025-07-01 00:08:59] ⏳ System busy with active processing...
[2025-07-01 00:09:09] ⏳ System busy with active processing...
[2025-07-01 00:09:09] ⏳ System busy with active processing...
[2025-07-01 00:09:19] ⏳ System busy with active processing...
[2025-07-01 00:09:19] ⏳ System busy with active processing...
[2025-07-01 00:09:29] ⏳ System busy with active processing...
[2025-07-01 00:09:29] ⏳ System busy with active processing...
[2025-07-01 00:09:39] ⏳ System busy with active processing...
[2025-07-01 00:09:39] ⏳ System busy with active processing...
[2025-07-01 00:09:49] ⏳ System busy with active processing...
[2025-07-01 00:09:50] ⏳ System busy with active processing...
[2025-07-01 00:10:00] ⏳ System busy with active processing...
[2025-07-01 00:10:00] ⏳ System busy with active processing...
[2025-07-01 00:10:10] ⏳ System busy with active processing...
[2025-07-01 00:10:10] ⏳ System busy with active processing...
[2025-07-01 00:10:20] ⏳ System busy with active processing...
[2025-07-01 00:10:20] ⏳ System busy with active processing...
[2025-07-01 00:10:30] ⏳ System busy with active processing...
[2025-07-01 00:10:30] ⏳ System busy with active processing...
[2025-07-01 00:10:40] ⏳ System busy with active processing...
[2025-07-01 00:10:40] ⏳ System busy with active processing...
[2025-07-01 00:10:50] ⏳ System busy with active processing...
[2025-07-01 00:10:51] ⏳ System busy with active processing...
[2025-07-01 00:11:01] ⏳ System busy with active processing...
[2025-07-01 00:11:01] ⏳ System busy with active processing...
