[2025-06-29 11:59:01] 🚀 Starting Queue Worker
[2025-06-29 11:59:01] Processing tweets from queue to coins table...
[2025-06-29 12:01:03] 🚀 Starting Queue Worker
[2025-06-29 12:01:03] Processing tweets from queue to coins table...
[2025-06-29 12:13:59] 🚀 Starting Queue Worker
[2025-06-29 12:13:59] Processing tweets from queue to coins table...
[2025-06-29 12:23:11] 🚀 Starting Queue Worker
[2025-06-29 12:23:11] Processing tweets from queue to coins table...
[2025-06-29 12:25:35] 🚀 Starting Queue Worker
[2025-06-29 12:25:35] Processing tweets from queue to coins table...
[2025-06-29 12:28:47] 🚀 Starting Queue Worker
[2025-06-29 12:28:47] Processing tweets from queue to coins table...
[2025-06-29 12:28:58] 📨 Processing queued tweet: LABALUBA
[2025-06-29 12:28:58] ✅ Moved to processing: LABALUBA from @memeXAssistant
[2025-06-29 12:29:08] ⏳ System busy with active processing...
[2025-06-29 12:29:18] ⏳ System busy with active processing...
[2025-06-29 12:29:28] ⏳ System busy with active processing...
[2025-06-29 12:29:39] ⏳ System busy with active processing...
[2025-06-29 12:29:49] ⏳ System busy with active processing...
[2025-06-29 12:29:59] ⏳ System busy with active processing...
[2025-06-29 12:30:09] ⏳ System busy with active processing...
[2025-06-29 12:30:19] ⏳ System busy with active processing...
[2025-06-29 12:30:29] ⏳ System busy with active processing...
[2025-06-29 12:35:02] 🚀 Starting Queue Worker
[2025-06-29 12:35:02] Processing tweets from queue to coins table...
[2025-06-29 12:35:12] 📨 Processing queued tweet: LABALUBA
[2025-06-29 12:35:13] ✅ Moved to processing: LABALUBA from @memeXAssistant
[2025-06-29 12:35:23] ⏳ System busy with active processing...
[2025-06-29 12:35:33] ⏳ System busy with active processing...
[2025-06-29 12:35:43] ⏳ System busy with active processing...
[2025-06-29 12:37:11] 🚀 Starting Queue Worker
[2025-06-29 12:37:11] Processing tweets from queue to coins table...
[2025-06-29 12:38:44] 📨 Processing queued tweet: OLALAAAA
[2025-06-29 12:38:44] ✅ Moved to processing: OLALAAAA from @memeXAssistant
[2025-06-29 12:38:54] ⏳ System busy with active processing...
[2025-06-29 12:39:04] ⏳ System busy with active processing...
[2025-06-29 12:41:59] 🚀 Starting Queue Worker
[2025-06-29 12:41:59] Processing tweets from queue to coins table...
[2025-06-29 12:41:59] 📨 Processing queued tweet: OLALAAAA
[2025-06-29 12:42:00] ✅ Moved to processing: OLALAAAA from @memeXAssistant
[2025-06-29 12:42:10] ⏳ System busy with active processing...
[2025-06-29 12:42:20] ⏳ System busy with active processing...
[2025-06-29 12:42:30] ⏳ System busy with active processing...
[2025-06-29 12:42:40] ⏳ System busy with active processing...
[2025-06-29 12:42:51] ⏳ System busy with active processing...
[2025-06-29 12:43:01] ⏳ System busy with active processing...
[2025-06-29 12:43:11] ⏳ System busy with active processing...
[2025-06-29 12:43:21] ⏳ System busy with active processing...
[2025-06-29 12:43:31] 📨 Processing queued tweet: KRALOOO
[2025-06-29 12:43:32] ✅ Moved to processing: KRALOOO from @memeXAssistant
[2025-06-29 12:43:42] ⏳ System busy with active processing...
[2025-06-29 12:43:52] ⏳ System busy with active processing...
[2025-06-29 12:44:02] ⏳ System busy with active processing...
[2025-06-29 12:44:12] ⏳ System busy with active processing...
[2025-06-29 12:44:23] ⏳ System busy with active processing...
[2025-06-29 12:44:33] ⏳ System busy with active processing...
[2025-06-29 12:44:43] ⏳ System busy with active processing...
[2025-06-29 12:44:53] ⏳ System busy with active processing...
[2025-06-29 12:45:03] ⏳ System busy with active processing...
[2025-06-29 12:45:14] ⏳ System busy with active processing...
[2025-06-29 13:20:05] 🚀 Starting Queue Worker
[2025-06-29 13:20:05] Processing tweets from queue to coins table...
[2025-06-29 13:21:07] 📨 Processing queued tweet: 12345AA
[2025-06-29 13:21:07] ✅ Moved to processing: 12345AA from @memeXAssistant2
[2025-06-29 13:21:18] ⏳ System busy with active processing...
[2025-06-29 13:21:28] ⏳ System busy with active processing...
[2025-06-29 13:21:38] ⏳ System busy with active processing...
[2025-06-29 13:21:48] ⏳ System busy with active processing...
[2025-06-29 13:21:58] ⏳ System busy with active processing...
[2025-06-29 13:22:09] ⏳ System busy with active processing...
[2025-06-29 13:22:19] ⏳ System busy with active processing...
[2025-06-29 13:22:29] ⏳ System busy with active processing...
[2025-06-29 13:22:39] ⏳ System busy with active processing...
[2025-06-29 13:22:49] ⏳ System busy with active processing...
[2025-06-29 13:23:00] ⏳ System busy with active processing...
[2025-06-29 13:23:10] 📨 Processing queued tweet: RTTG123
[2025-06-29 13:23:10] ✅ Moved to processing: RTTG123 from @memeXAssistant
[2025-06-29 13:23:20] ⏳ System busy with active processing...
[2025-06-29 13:23:31] ⏳ System busy with active processing...
[2025-06-29 13:23:41] ⏳ System busy with active processing...
[2025-06-29 13:23:51] ⏳ System busy with active processing...
[2025-06-29 13:24:01] ⏳ System busy with active processing...
[2025-06-29 13:24:11] ⏳ System busy with active processing...
[2025-06-29 13:24:21] ⏳ System busy with active processing...
[2025-06-29 13:24:32] ⏳ System busy with active processing...
[2025-06-29 13:24:42] ⏳ System busy with active processing...
[2025-06-29 13:24:52] ⏳ System busy with active processing...
[2025-06-29 13:25:02] 📨 Processing queued tweet: TICKERTHI
[2025-06-29 13:25:03] ✅ Moved to processing: TICKERTHI from @memeXAssistant
[2025-06-29 13:25:13] ⏳ System busy with active processing...
[2025-06-29 13:25:23] ⏳ System busy with active processing...
[2025-06-29 13:25:33] ⏳ System busy with active processing...
[2025-06-29 13:25:43] ⏳ System busy with active processing...
[2025-06-29 13:25:53] ⏳ System busy with active processing...
[2025-06-29 13:26:04] ⏳ System busy with active processing...
[2025-06-29 13:26:14] ⏳ System busy with active processing...
[2025-06-29 13:26:24] ⏳ System busy with active processing...
[2025-06-29 13:26:34] ⏳ System busy with active processing...
[2025-06-29 13:26:44] ⏳ System busy with active processing...
[2025-06-29 13:26:54] 📨 Processing queued tweet: LOOKING2
[2025-06-29 13:26:55] ✅ Moved to processing: LOOKING2 from @memeXAssistant2
[2025-06-29 13:27:05] ⏳ System busy with active processing...
[2025-06-29 13:27:15] ⏳ System busy with active processing...
[2025-06-29 13:27:25] ⏳ System busy with active processing...
[2025-06-29 13:27:35] ⏳ System busy with active processing...
[2025-06-29 13:27:45] ⏳ System busy with active processing...
[2025-06-29 13:27:56] ⏳ System busy with active processing...
[2025-06-29 13:28:06] ⏳ System busy with active processing...
[2025-06-29 13:28:16] ⏳ System busy with active processing...
[2025-06-29 13:28:26] ⏳ System busy with active processing...
[2025-06-29 13:28:36] 📨 Processing queued tweet: KLAUSSE
[2025-06-29 13:28:37] ✅ Moved to processing: KLAUSSE from @memeXAssistant2
[2025-06-29 13:28:47] ⏳ System busy with active processing...
[2025-06-29 13:28:57] ⏳ System busy with active processing...
[2025-06-29 13:29:07] ⏳ System busy with active processing...
[2025-06-29 13:29:17] ⏳ System busy with active processing...
[2025-06-29 13:29:28] ⏳ System busy with active processing...
[2025-06-29 13:29:38] ⏳ System busy with active processing...
[2025-06-29 13:29:48] ⏳ System busy with active processing...
[2025-06-29 13:29:58] ⏳ System busy with active processing...
[2025-06-29 13:30:08] ⏳ System busy with active processing...
[2025-06-29 13:30:18] ⏳ System busy with active processing...
[2025-06-29 13:31:51] 📨 Processing queued tweet: GOODT
[2025-06-29 13:31:51] ✅ Moved to processing: GOODT from @memeXAssistant
[2025-06-29 13:32:01] ⏳ System busy with active processing...
[2025-06-29 13:32:11] ⏳ System busy with active processing...
[2025-06-29 13:32:21] ⏳ System busy with active processing...
[2025-06-29 13:32:31] ⏳ System busy with active processing...
[2025-06-29 13:32:42] ⏳ System busy with active processing...
[2025-06-29 13:32:52] ⏳ System busy with active processing...
[2025-06-29 13:33:02] ⏳ System busy with active processing...
[2025-06-29 13:33:12] ⏳ System busy with active processing...
[2025-06-29 13:33:22] ⏳ System busy with active processing...
[2025-06-29 13:33:32] ⏳ System busy with active processing...
[2025-06-29 19:50:11] 🚀 Starting Queue Worker
[2025-06-29 19:50:11] Processing tweets from queue to coins table...
[2025-06-29 19:50:11] ⏳ System busy with active processing...
[2025-06-29 19:50:21] ⏳ System busy with active processing...
[2025-06-29 19:50:31] ⏳ System busy with active processing...
[2025-06-29 19:50:41] ⏳ System busy with active processing...
[2025-06-29 19:50:52] ⏳ System busy with active processing...
[2025-06-29 19:51:02] ⏳ System busy with active processing...
[2025-06-29 19:51:12] ⏳ System busy with active processing...
[2025-06-29 19:51:22] ⏳ System busy with active processing...
[2025-06-29 19:51:32] ⏳ System busy with active processing...
[2025-06-29 19:51:43] ⏳ System busy with active processing...
[2025-06-29 19:51:53] ⏳ System busy with active processing...
[2025-06-29 19:52:03] ⏳ System busy with active processing...
[2025-06-29 19:52:13] ⏳ System busy with active processing...
[2025-06-29 19:52:23] ⏳ System busy with active processing...
[2025-06-29 19:52:33] ⏳ System busy with active processing...
[2025-06-29 19:52:44] ⏳ System busy with active processing...
[2025-06-29 19:52:54] ⏳ System busy with active processing...
[2025-06-29 19:53:04] ⏳ System busy with active processing...
[2025-06-29 19:53:14] ⏳ System busy with active processing...
[2025-06-29 19:53:24] ⏳ System busy with active processing...
[2025-06-29 19:53:34] ⏳ System busy with active processing...
[2025-06-29 19:53:45] ⏳ System busy with active processing...
[2025-06-29 19:53:55] ⏳ System busy with active processing...
[2025-06-29 19:54:05] ⏳ System busy with active processing...
[2025-06-29 19:54:15] ⏳ System busy with active processing...
[2025-06-29 19:54:25] ⏳ System busy with active processing...
[2025-06-29 19:54:36] ⏳ System busy with active processing...
[2025-06-29 19:54:46] ⏳ System busy with active processing...
[2025-06-29 19:54:56] ⏳ System busy with active processing...
[2025-06-29 19:55:06] ⏳ System busy with active processing...
[2025-06-29 19:55:16] ⏳ System busy with active processing...
[2025-06-29 19:55:26] ⏳ System busy with active processing...
[2025-06-29 19:56:38] 🚀 Starting Queue Worker
[2025-06-29 19:56:38] Processing tweets from queue to coins table...
[2025-06-29 19:56:38] ⏳ System busy with active processing...
[2025-06-29 19:56:48] ⏳ System busy with active processing...
[2025-06-29 19:56:59] ⏳ System busy with active processing...
[2025-06-29 19:57:09] ⏳ System busy with active processing...
[2025-06-29 19:57:19] ⏳ System busy with active processing...
[2025-06-29 19:57:29] ⏳ System busy with active processing...
[2025-06-29 19:57:39] ⏳ System busy with active processing...
[2025-06-29 19:57:49] ⏳ System busy with active processing...
[2025-06-29 19:58:00] ⏳ System busy with active processing...
[2025-06-29 19:58:10] ⏳ System busy with active processing...
[2025-06-29 19:58:20] ⏳ System busy with active processing...
[2025-06-29 19:58:30] ⏳ System busy with active processing...
[2025-06-29 19:58:40] ⏳ System busy with active processing...
[2025-06-29 19:58:50] ⏳ System busy with active processing...
[2025-06-29 19:59:01] ⏳ System busy with active processing...
[2025-06-29 20:02:01] 🚀 Starting Queue Worker
[2025-06-29 20:02:01] Processing tweets from queue to coins table...
[2025-06-29 20:02:01] ⏳ System busy with active processing...
[2025-06-29 20:02:11] ⏳ System busy with active processing...
[2025-06-29 20:02:22] ⏳ System busy with active processing...
[2025-06-29 20:02:32] ⏳ System busy with active processing...
[2025-06-29 20:02:42] ⏳ System busy with active processing...
[2025-06-29 20:02:52] ⏳ System busy with active processing...
[2025-06-29 20:03:02] ⏳ System busy with active processing...
[2025-06-29 20:03:12] ⏳ System busy with active processing...
[2025-06-29 20:03:23] ⏳ System busy with active processing...
[2025-06-29 20:03:33] ⏳ System busy with active processing...
[2025-06-29 20:03:43] ⏳ System busy with active processing...
[2025-06-29 20:03:53] ⏳ System busy with active processing...
[2025-06-29 20:04:03] ⏳ System busy with active processing...
[2025-06-29 20:04:13] ⏳ System busy with active processing...
[2025-06-29 20:04:24] ⏳ System busy with active processing...
[2025-06-29 20:04:34] ⏳ System busy with active processing...
[2025-06-29 20:09:53] 🚀 Starting Queue Worker
[2025-06-29 20:09:53] Processing tweets from queue to coins table...
[2025-06-29 20:09:54] 📨 Processing queued tweet: GOODT
[2025-06-29 20:09:54] ✅ Moved to processing: GOODT from @memeXAssistant
[2025-06-29 20:10:04] ⏳ System busy with active processing...
[2025-06-29 20:11:18] 🚀 Starting Queue Worker
[2025-06-29 20:11:18] Processing tweets from queue to coins table...
[2025-06-29 20:11:18] 📨 Processing queued tweet: 12345AA
[2025-06-29 20:11:18] ✅ Moved to processing: 12345AA from @memeXAssistant2
[2025-06-29 20:12:55] 🚀 Starting Queue Worker
[2025-06-29 20:12:55] Processing tweets from queue to coins table...
[2025-06-29 20:12:55] 📨 Processing queued tweet: 12345AA
[2025-06-29 20:12:56] ✅ Moved to processing: 12345AA from @memeXAssistant2
[2025-06-29 20:13:06] ⏳ System busy with active processing...
[2025-06-29 20:13:16] ⏳ System busy with active processing...
[2025-06-29 20:15:45] 🚀 Starting Queue Worker
[2025-06-29 20:15:45] Processing tweets from queue to coins table...
[2025-06-29 20:16:47] 📨 Processing queued tweet: CHIVAS
[2025-06-29 20:16:47] ✅ Moved to processing: CHIVAS from @FilterCoff36084
[2025-06-29 20:16:57] ⏳ System busy with active processing...
[2025-06-29 20:17:07] ⏳ System busy with active processing...
[2025-06-29 20:17:17] ⏳ System busy with active processing...
[2025-06-29 20:17:28] ⏳ System busy with active processing...
[2025-06-29 20:17:38] ⏳ System busy with active processing...
[2025-06-29 20:17:48] ⏳ System busy with active processing...
[2025-06-29 20:17:58] ⏳ System busy with active processing...
[2025-06-29 20:18:08] ⏳ System busy with active processing...
[2025-06-29 20:18:19] ⏳ System busy with active processing...
[2025-06-29 20:18:29] ⏳ System busy with active processing...
[2025-06-29 20:18:39] ⏳ System busy with active processing...
[2025-06-29 20:18:49] 📨 Processing queued tweet: OWYEAH
[2025-06-29 20:18:49] ✅ Moved to processing: OWYEAH from @FilterCoff36084
[2025-06-29 20:19:00] ⏳ System busy with active processing...
[2025-06-29 20:19:10] ⏳ System busy with active processing...
[2025-06-29 20:19:20] ⏳ System busy with active processing...
[2025-06-29 20:19:30] ⏳ System busy with active processing...
[2025-06-29 20:19:40] ⏳ System busy with active processing...
[2025-06-29 20:19:50] ⏳ System busy with active processing...
[2025-06-29 20:20:00] ⏳ System busy with active processing...
[2025-06-29 20:20:11] ⏳ System busy with active processing...
[2025-06-29 20:20:21] ⏳ System busy with active processing...
[2025-06-29 20:20:31] ⏳ System busy with active processing...
[2025-06-29 20:20:41] 📨 Processing queued tweet: TABABA
[2025-06-29 20:20:41] ✅ Moved to processing: TABABA from @FilterCoff36084
[2025-06-29 20:20:52] ⏳ System busy with active processing...
[2025-06-29 20:21:02] ⏳ System busy with active processing...
[2025-06-29 20:21:12] ⏳ System busy with active processing...
[2025-06-29 20:21:22] ⏳ System busy with active processing...
[2025-06-29 20:21:32] ⏳ System busy with active processing...
[2025-06-29 20:21:42] ⏳ System busy with active processing...
[2025-06-29 20:21:53] ⏳ System busy with active processing...
[2025-06-29 20:22:03] ⏳ System busy with active processing...
[2025-06-29 20:22:13] ⏳ System busy with active processing...
[2025-06-29 20:22:23] ⏳ System busy with active processing...
[2025-06-29 20:59:15] 🚀 Starting Queue Worker
[2025-06-29 20:59:15] Processing tweets from queue to coins table...
[2025-06-29 21:01:18] 📨 Processing queued tweet: OKAYGUYS
[2025-06-29 21:01:19] ✅ Moved to processing: OKAYGUYS from @FilterCoff36084
[2025-06-29 21:01:29] ⏳ System busy with active processing...
[2025-06-29 21:01:39] ⏳ System busy with active processing...
[2025-06-29 21:01:49] ⏳ System busy with active processing...
[2025-06-29 21:01:59] ⏳ System busy with active processing...
[2025-06-29 21:02:09] ⏳ System busy with active processing...
[2025-06-29 21:02:19] ⏳ System busy with active processing...
[2025-06-29 21:04:02] 🚀 Starting Queue Worker
[2025-06-29 21:04:02] Processing tweets from queue to coins table...
[2025-06-29 21:04:02] 📨 Processing queued tweet: RETTT
[2025-06-29 21:04:02] ✅ Moved to processing: RETTT from @FilterCoff36084
[2025-06-29 21:04:13] ⏳ System busy with active processing...
[2025-06-29 21:04:23] ⏳ System busy with active processing...
[2025-06-29 21:04:33] ⏳ System busy with active processing...
[2025-06-29 21:04:43] ⏳ System busy with active processing...
[2025-06-29 21:04:54] ⏳ System busy with active processing...
[2025-06-29 21:05:04] ⏳ System busy with active processing...
[2025-06-29 21:05:14] ⏳ System busy with active processing...
[2025-06-29 21:05:24] ⏳ System busy with active processing...
[2025-06-29 21:05:34] 📨 Processing queued tweet: COINS
[2025-06-29 21:05:35] ✅ Moved to processing: COINS from @OzanGzel1058409
[2025-06-29 21:05:45] ⏳ System busy with active processing...
[2025-06-29 21:05:55] ⏳ System busy with active processing...
[2025-06-29 21:06:05] ⏳ System busy with active processing...
[2025-06-29 21:06:15] ⏳ System busy with active processing...
[2025-06-29 21:06:25] ⏳ System busy with active processing...
