[2025-06-30 22:18:39] 
[2025-06-30 22:18:40] ⚠️  IMPORTANT:
[2025-06-30 22:18:40] - Make sure Moonshot app is open
[2025-06-30 22:18:40] - The app should be on the main screen
[2025-06-30 22:18:40] - macOS password will be entered automatically
[2025-06-30 22:18:41] 
[2025-06-30 22:18:41] 🚀 Starting automatically...
[2025-06-30 22:18:41] Using coordinates file: /Users/baymak/Desktop/mshot6/moonshot_automation/data/moonshot_coordinates_20250629_053615.json
[2025-06-30 22:18:41] 🚀 Moonshot Automation - Supabase Polling Listener
[2025-06-30 22:18:41] ============================================================
[2025-06-30 22:18:41] Connected to: https://sfbrrhlhyyxbesvuqgcf.supabase.co
[2025-06-30 22:18:41] Polling table: coins
[2025-06-30 22:18:41] Poll interval: 5 seconds
[2025-06-30 22:18:41] ============================================================
[2025-06-30 22:18:41] 
[2025-06-30 22:18:42] 📋 Checking for existing pending coins...
[2025-06-30 22:18:42] 
[2025-06-30 22:18:42] 👂 Polling for new coins...
[2025-06-30 22:18:42] Press Ctrl+C to stop
[2025-06-30 22:18:42] 
[2025-06-30 22:18:42] 🆕 Found 1 new coin(s) to process
[2025-06-30 22:18:42] 
[2025-06-30 22:18:42] 🔄 Processing coin: Filter Coffee (CALISAMK)
[2025-06-30 22:18:42] ⏱️  Starting in 5 seconds... (Switch to Moonshot app!)
[2025-06-30 22:41:44] 
[2025-06-30 22:41:45] ⚠️  IMPORTANT:
[2025-06-30 22:41:46] - Make sure Moonshot app is open
[2025-06-30 22:41:46] - The app should be on the main screen
[2025-06-30 22:41:46] - macOS password will be entered automatically
[2025-06-30 22:41:46] 
[2025-06-30 22:41:46] 🚀 Starting automatically...
[2025-06-30 22:41:46] Using coordinates file: /Users/baymak/Desktop/mshot6/moonshot_automation/data/moonshot_coordinates_20250629_053615.json
[2025-06-30 22:41:46] 🚀 Moonshot Automation - Supabase Polling Listener
[2025-06-30 22:41:46] ============================================================
[2025-06-30 22:41:46] Connected to: https://sfbrrhlhyyxbesvuqgcf.supabase.co
[2025-06-30 22:41:46] Polling table: coins
[2025-06-30 22:41:47] Poll interval: 5 seconds
[2025-06-30 22:41:47] ============================================================
[2025-06-30 22:41:47] 
[2025-06-30 22:41:47] 📋 Checking for existing pending coins...
[2025-06-30 22:41:47] 
[2025-06-30 22:41:47] 👂 Polling for new coins...
[2025-06-30 22:41:47] Press Ctrl+C to stop
[2025-06-30 22:41:47] 
[2025-06-30 22:41:47] 🆕 Found 1 new coin(s) to process
[2025-06-30 22:41:48] 
[2025-06-30 22:41:48] 🔄 Processing coin: Filter Coffee (TESTTTT)
[2025-06-30 22:41:48] ⏱️  Starting in 5 seconds... (Switch to Moonshot app!)
[2025-06-30 22:43:35]    5...   4...   3...   2...   1...
[2025-06-30 22:43:36] 
[2025-06-30 22:43:36] 
[2025-06-30 22:43:36] ============================================================
[2025-06-30 22:43:36] Creating coin: Filter Coffee (TESTTTT)
[2025-06-30 22:43:36] ============================================================
[2025-06-30 22:43:36] 
[2025-06-30 22:43:36] 1. Clicking Create button...
[2025-06-30 22:43:36]   Clicking at (112, 538)
[2025-06-30 22:43:37]    Ensuring app focus...
[2025-06-30 22:43:37]   Clicking at (112, 538)
[2025-06-30 22:43:37] 2. Clicking Create coin button...
[2025-06-30 22:43:37]   Clicking at (136, 476)
[2025-06-30 22:43:37] 3. Filling ticker field...
[2025-06-30 22:43:37]   Clicking at (106, 150)
[2025-06-30 22:43:37] 4. Filling name field...
[2025-06-30 22:43:37]   Clicking at (106, 176)
[2025-06-30 22:43:37] 5. Adding image...
[2025-06-30 22:43:37]   Clicking at (62, 181)
[2025-06-30 22:43:38] 6. Choosing from library...
[2025-06-30 22:43:38]   Clicking at (134, 488)
[2025-06-30 22:43:38] 7. Selecting image from gallery...
[2025-06-30 22:43:38]   Clicking at (54, 220)
[2025-06-30 22:43:38] 8. Clicking Done button...
[2025-06-30 22:43:38]   Clicking at (266, 550)
[2025-06-30 22:43:38] 9. Filling description field...
[2025-06-30 22:43:38]   Clicking at (59, 212)
[2025-06-30 22:43:38] 10. Filling website field...
[2025-06-30 22:43:39]   Clicking at (57, 265)
[2025-06-30 22:43:39] 11. Filling twitter field...
[2025-06-30 22:43:39]   Clicking at (184, 265)
[2025-06-30 22:43:39] 12. Swiping to create...
[2025-06-30 22:43:39]   Swiping right from (46, 490)
[2025-06-30 22:43:39] 13. Entering macOS password...
[2025-06-30 22:43:39]    Waiting for token creation...
[2025-06-30 22:43:39] 14. Closing success screen...
[2025-06-30 22:43:39]   Clicking at (261, 109)
[2025-06-30 22:43:39] 
[2025-06-30 22:43:40] ✅ Successfully created: Filter Coffee
[2025-06-30 22:43:40] ✅ Successfully processed: Filter Coffee
[2025-06-30 22:43:40] 
[2025-06-30 22:43:40] 🆕 Found 1 new coin(s) to process
[2025-06-30 22:43:40] 
[2025-06-30 22:43:40] 🔄 Processing coin: Filter Coffee (BBBGHG)
[2025-06-30 22:43:40] ⏱️  Starting in 5 seconds... (Switch to Moonshot app!)
[2025-06-30 22:45:25]    5...   4...   3...   2...   1...
[2025-06-30 22:45:26] 
[2025-06-30 22:45:26] 
[2025-06-30 22:45:26] ============================================================
[2025-06-30 22:45:26] Creating coin: Filter Coffee (BBBGHG)
[2025-06-30 22:45:26] ============================================================
[2025-06-30 22:45:26] 
[2025-06-30 22:45:27] 1. Clicking Create button...
[2025-06-30 22:45:27]   Clicking at (112, 538)
[2025-06-30 22:45:27]    Ensuring app focus...
[2025-06-30 22:45:27]   Clicking at (112, 538)
[2025-06-30 22:45:27] 2. Clicking Create coin button...
[2025-06-30 22:45:27]   Clicking at (136, 476)
[2025-06-30 22:45:27] 3. Filling ticker field...
[2025-06-30 22:45:27]   Clicking at (106, 150)
[2025-06-30 22:45:27] 4. Filling name field...
[2025-06-30 22:45:27]   Clicking at (106, 176)
[2025-06-30 22:45:28] 5. Adding image...
[2025-06-30 22:45:28]   Clicking at (62, 181)
[2025-06-30 22:45:28] 6. Choosing from library...
[2025-06-30 22:45:28]   Clicking at (134, 488)
[2025-06-30 22:45:28] 7. Selecting image from gallery...
[2025-06-30 22:45:28]   Clicking at (54, 220)
[2025-06-30 22:45:28] 8. Clicking Done button...
[2025-06-30 22:45:28]   Clicking at (266, 550)
[2025-06-30 22:45:28] 9. Filling description field...
[2025-06-30 22:45:28]   Clicking at (59, 212)
[2025-06-30 22:45:29] 10. Filling website field...
[2025-06-30 22:45:29]   Clicking at (57, 265)
[2025-06-30 22:45:29] 11. Filling twitter field...
[2025-06-30 22:45:29]   Clicking at (184, 265)
[2025-06-30 22:45:29] 12. Swiping to create...
[2025-06-30 22:45:29]   Swiping right from (46, 490)
[2025-06-30 22:45:29] 13. Entering macOS password...
[2025-06-30 22:45:29]    Waiting for token creation...
[2025-06-30 22:45:29] 14. Closing success screen...
[2025-06-30 22:45:30]   Clicking at (261, 109)
[2025-06-30 22:45:30] 
[2025-06-30 22:45:30] ✅ Successfully created: Filter Coffee
[2025-06-30 22:45:30] ✅ Successfully processed: Filter Coffee
[2025-06-30 22:45:30] 
[2025-06-30 22:45:30] 🆕 Found 1 new coin(s) to process
[2025-06-30 22:45:30] 
[2025-06-30 22:45:30] 🔄 Processing coin: Filter Coffee (TDEFRGD)
[2025-06-30 22:45:30] ⏱️  Starting in 5 seconds... (Switch to Moonshot app!)
[2025-06-30 22:47:15]    5...   4...   3...   2...   1...
[2025-06-30 22:47:16] 
[2025-06-30 22:47:16] 
[2025-06-30 22:47:16] ============================================================
[2025-06-30 22:47:16] Creating coin: Filter Coffee (TDEFRGD)
[2025-06-30 22:47:16] ============================================================
[2025-06-30 22:47:17] 
[2025-06-30 22:47:17] 1. Clicking Create button...
[2025-06-30 22:47:17]   Clicking at (112, 538)
[2025-06-30 22:47:17]    Ensuring app focus...
[2025-06-30 22:47:17]   Clicking at (112, 538)
[2025-06-30 22:47:17] 2. Clicking Create coin button...
[2025-06-30 22:47:17]   Clicking at (136, 476)
[2025-06-30 22:47:17] 3. Filling ticker field...
[2025-06-30 22:47:17]   Clicking at (106, 150)
[2025-06-30 22:47:18] 4. Filling name field...
[2025-06-30 22:47:18]   Clicking at (106, 176)
[2025-06-30 22:47:18] 5. Adding image...
[2025-06-30 22:47:18]   Clicking at (62, 181)
[2025-06-30 22:47:18] 6. Choosing from library...
[2025-06-30 22:47:18]   Clicking at (134, 488)
[2025-06-30 22:47:18] 7. Selecting image from gallery...
[2025-06-30 22:47:18]   Clicking at (54, 220)
[2025-06-30 22:47:18] 8. Clicking Done button...
[2025-06-30 22:47:18]   Clicking at (266, 550)
[2025-06-30 22:47:19] 9. Filling description field...
[2025-06-30 22:47:19]   Clicking at (59, 212)
[2025-06-30 22:47:19] 10. Filling website field...
[2025-06-30 22:47:19]   Clicking at (57, 265)
[2025-06-30 22:47:19] 11. Filling twitter field...
[2025-06-30 22:47:19]   Clicking at (184, 265)
[2025-06-30 22:47:19] 12. Swiping to create...
[2025-06-30 22:47:19]   Swiping right from (46, 490)
[2025-06-30 22:47:19] 13. Entering macOS password...
[2025-06-30 22:47:19]    Waiting for token creation...
[2025-06-30 22:47:20] 14. Closing success screen...
[2025-06-30 22:47:20]   Clicking at (261, 109)
[2025-06-30 22:47:20] 
[2025-06-30 22:47:20] ✅ Successfully created: Filter Coffee
[2025-06-30 22:47:20] ✅ Successfully processed: Filter Coffee
[2025-06-30 22:47:20] 
[2025-06-30 22:47:20] 🆕 Found 1 new coin(s) to process
[2025-06-30 22:47:20] 
[2025-06-30 22:47:20] 🔄 Processing coin: Ozan Güzel (OZAN)
[2025-06-30 22:47:21] ⏱️  Starting in 5 seconds... (Switch to Moonshot app!)
[2025-06-30 22:52:06]    5...   4...   3...   2...   1...
[2025-06-30 22:52:07] 
[2025-06-30 22:52:07] 
[2025-06-30 22:52:07] ============================================================
[2025-06-30 22:52:07] Creating coin: Ozan Güzel (OZAN)
[2025-06-30 22:52:07] ============================================================
[2025-06-30 22:52:07] 
[2025-06-30 22:52:07] 1. Clicking Create button...
[2025-06-30 22:52:08]   Clicking at (112, 538)
[2025-06-30 22:52:08]    Ensuring app focus...
[2025-06-30 22:52:08]   Clicking at (112, 538)
[2025-06-30 22:52:08] 2. Clicking Create coin button...
[2025-06-30 22:52:08]   Clicking at (136, 476)
[2025-06-30 22:52:08] 3. Filling ticker field...
[2025-06-30 22:52:08]   Clicking at (106, 150)
[2025-06-30 22:52:08] 4. Filling name field...
[2025-06-30 22:52:08]   Clicking at (106, 176)
[2025-06-30 22:52:09] 5. Adding image...
[2025-06-30 22:52:09]   Clicking at (62, 181)
[2025-06-30 22:52:09] 6. Choosing from library...
[2025-06-30 22:52:09]   Clicking at (134, 488)
[2025-06-30 22:52:09] 7. Selecting image from gallery...
[2025-06-30 22:52:09]   Clicking at (54, 220)
[2025-06-30 22:52:09] 8. Clicking Done button...
[2025-06-30 22:52:09]   Clicking at (266, 550)
[2025-06-30 22:52:09] 9. Filling description field...
[2025-06-30 22:52:09]   Clicking at (59, 212)
[2025-06-30 22:52:10] 10. Filling website field...
[2025-06-30 22:52:10]   Clicking at (57, 265)
[2025-06-30 22:52:10] 11. Filling twitter field...
[2025-06-30 22:52:10]   Clicking at (184, 265)
[2025-06-30 22:52:10] 12. Swiping to create...
[2025-06-30 22:52:10]   Swiping right from (46, 490)
[2025-06-30 22:52:10] 13. Entering macOS password...
[2025-06-30 22:52:10]    Waiting for token creation...
[2025-06-30 22:52:10] 14. Closing success screen...
[2025-06-30 22:52:11]   Clicking at (261, 109)
[2025-06-30 22:52:11] 
[2025-06-30 22:52:11] ✅ Successfully created: Ozan Güzel
[2025-06-30 22:52:11] ✅ Successfully processed: Ozan Güzel
[2025-06-30 22:52:11] 
[2025-06-30 22:52:11] 🆕 Found 1 new coin(s) to process
[2025-06-30 22:52:11] 
[2025-06-30 22:52:11] 🔄 Processing coin: Filter Coffee (OLALA)
[2025-06-30 22:52:11] ⏱️  Starting in 5 seconds... (Switch to Moonshot app!)
[2025-07-01 00:00:37] 
[2025-07-01 00:00:38] ⚠️  IMPORTANT:
[2025-07-01 00:00:39] - Make sure Moonshot app is open
[2025-07-01 00:00:39] - The app should be on the main screen
[2025-07-01 00:00:39] - macOS password will be entered automatically
[2025-07-01 00:00:39] 
[2025-07-01 00:00:39] 🚀 Starting automatically...
[2025-07-01 00:00:39] Using coordinates file: /Users/baymak/Desktop/mshot6/moonshot_automation/data/moonshot_coordinates_20250629_053615.json
[2025-07-01 00:00:39] 🚀 Moonshot Automation - Supabase Polling Listener
[2025-07-01 00:00:39] ============================================================
[2025-07-01 00:00:39] Connected to: https://sfbrrhlhyyxbesvuqgcf.supabase.co
[2025-07-01 00:00:40] Polling table: coins
[2025-07-01 00:00:40] Poll interval: 5 seconds
[2025-07-01 00:00:40] ============================================================
[2025-07-01 00:00:40] 
[2025-07-01 00:00:40] 📋 Checking for existing pending coins...
[2025-07-01 00:00:40] 
[2025-07-01 00:00:40] 👂 Polling for new coins...
[2025-07-01 00:00:40] Press Ctrl+C to stop
[2025-07-01 00:00:40] 
[2025-07-01 00:00:40] 🆕 Found 1 new coin(s) to process
[2025-07-01 00:00:41] 
[2025-07-01 00:00:41] 🔄 Processing coin: Filter Coffee (ASDASD)
[2025-07-01 00:00:41] ⏱️  Starting in 5 seconds... (Switch to Moonshot app!)
[2025-07-01 00:02:59]    5...   4...   3...   2...   1...
[2025-07-01 00:03:00] 
[2025-07-01 00:03:00] 
[2025-07-01 00:03:00] ============================================================
[2025-07-01 00:03:00] Creating coin: Filter Coffee (ASDASD)
[2025-07-01 00:03:00] ============================================================
[2025-07-01 00:03:00] 
[2025-07-01 00:03:00] 1. Clicking Create button...
[2025-07-01 00:03:00]   Clicking at (112, 538)
[2025-07-01 00:03:00]    Ensuring app focus...
[2025-07-01 00:03:01]   Clicking at (112, 538)
[2025-07-01 00:03:01] 2. Clicking Create coin button...
[2025-07-01 00:03:01]   Clicking at (136, 476)
[2025-07-01 00:03:01] 3. Filling ticker field...
[2025-07-01 00:03:01]   Clicking at (106, 150)
[2025-07-01 00:03:01] 4. Filling name field...
[2025-07-01 00:03:01]   Clicking at (106, 176)
[2025-07-01 00:03:01] 5. Adding image...
[2025-07-01 00:03:01]   Clicking at (62, 181)
[2025-07-01 00:03:02] 6. Choosing from library...
[2025-07-01 00:03:02]   Clicking at (134, 488)
[2025-07-01 00:03:02] 7. Selecting image from gallery...
[2025-07-01 00:03:02]   Clicking at (54, 220)
[2025-07-01 00:03:02] 8. Clicking Done button...
[2025-07-01 00:03:02]   Clicking at (266, 550)
[2025-07-01 00:03:02] 9. Filling description field...
[2025-07-01 00:03:02]   Clicking at (59, 212)
[2025-07-01 00:03:02] 10. Filling website field...
[2025-07-01 00:03:02]   Clicking at (57, 265)
[2025-07-01 00:03:03] 11. Filling twitter field...
[2025-07-01 00:03:03]   Clicking at (184, 265)
[2025-07-01 00:03:03] 12. Swiping to create...
[2025-07-01 00:03:03]   Swiping right from (46, 490)
[2025-07-01 00:03:03] 13. Entering macOS password...
[2025-07-01 00:03:03]    Waiting for token creation...
[2025-07-01 00:03:03] 14. Closing success screen...
[2025-07-01 00:03:03]   Clicking at (261, 109)
[2025-07-01 00:03:03] 
[2025-07-01 00:03:04] ✅ Successfully created: Filter Coffee
[2025-07-01 00:03:04] ✅ Successfully processed: Filter Coffee
[2025-07-01 00:03:04] 
[2025-07-01 00:03:04] 🆕 Found 1 new coin(s) to process
[2025-07-01 00:03:04] 
[2025-07-01 00:03:04] 🔄 Processing coin: Filter Coffee (ASDASD)
[2025-07-01 00:03:04] ⏱️  Starting in 5 seconds... (Switch to Moonshot app!)
[2025-07-01 00:04:49]    5...   4...   3...   2...   1...
[2025-07-01 00:04:50] 
[2025-07-01 00:04:50] 
[2025-07-01 00:04:50] ============================================================
[2025-07-01 00:04:50] Creating coin: Filter Coffee (ASDASD)
[2025-07-01 00:04:50] ============================================================
[2025-07-01 00:04:50] 
[2025-07-01 00:04:51] 1. Clicking Create button...
[2025-07-01 00:04:51]   Clicking at (112, 538)
[2025-07-01 00:04:51]    Ensuring app focus...
[2025-07-01 00:04:51]   Clicking at (112, 538)
[2025-07-01 00:04:51] 2. Clicking Create coin button...
[2025-07-01 00:04:51]   Clicking at (136, 476)
[2025-07-01 00:04:51] 3. Filling ticker field...
[2025-07-01 00:04:51]   Clicking at (106, 150)
[2025-07-01 00:04:51] 4. Filling name field...
[2025-07-01 00:04:51]   Clicking at (106, 176)
[2025-07-01 00:04:52] 5. Adding image...
[2025-07-01 00:04:52]   Clicking at (62, 181)
[2025-07-01 00:04:52] 6. Choosing from library...
[2025-07-01 00:04:52]   Clicking at (134, 488)
[2025-07-01 00:04:52] 7. Selecting image from gallery...
[2025-07-01 00:04:52]   Clicking at (54, 220)
[2025-07-01 00:04:52] 8. Clicking Done button...
[2025-07-01 00:04:52]   Clicking at (266, 550)
[2025-07-01 00:04:52] 9. Filling description field...
[2025-07-01 00:04:52]   Clicking at (59, 212)
[2025-07-01 00:04:53] 10. Filling website field...
[2025-07-01 00:04:53]   Clicking at (57, 265)
[2025-07-01 00:04:53] 11. Filling twitter field...
[2025-07-01 00:04:53]   Clicking at (184, 265)
[2025-07-01 00:04:53] 12. Swiping to create...
[2025-07-01 00:04:53]   Swiping right from (46, 490)
[2025-07-01 00:04:53] 13. Entering macOS password...
[2025-07-01 00:04:53]    Waiting for token creation...
[2025-07-01 00:04:53] 14. Closing success screen...
[2025-07-01 00:04:53]   Clicking at (261, 109)
[2025-07-01 00:04:54] 
[2025-07-01 00:04:54] ✅ Successfully created: Filter Coffee
[2025-07-01 00:04:54] ✅ Successfully processed: Filter Coffee
[2025-07-01 00:04:54] 
[2025-07-01 00:04:54] 🆕 Found 1 new coin(s) to process
[2025-07-01 00:04:54] 
[2025-07-01 00:04:54] 🔄 Processing coin: Filter Coffee (HGDFG)
[2025-07-01 00:04:54] ⏱️  Starting in 5 seconds... (Switch to Moonshot app!)
[2025-07-01 00:06:39]    5...   4...   3...   2...   1...
[2025-07-01 00:06:40] 
[2025-07-01 00:06:40] 
[2025-07-01 00:06:40] ============================================================
[2025-07-01 00:06:40] Creating coin: Filter Coffee (HGDFG)
[2025-07-01 00:06:41] ============================================================
[2025-07-01 00:06:41] 
[2025-07-01 00:06:41] 1. Clicking Create button...
[2025-07-01 00:06:41]   Clicking at (112, 538)
[2025-07-01 00:06:41]    Ensuring app focus...
[2025-07-01 00:06:41]   Clicking at (112, 538)
[2025-07-01 00:06:41] 2. Clicking Create coin button...
[2025-07-01 00:06:41]   Clicking at (136, 476)
[2025-07-01 00:06:41] 3. Filling ticker field...
[2025-07-01 00:06:41]   Clicking at (106, 150)
[2025-07-01 00:06:42] 4. Filling name field...
[2025-07-01 00:06:42]   Clicking at (106, 176)
[2025-07-01 00:06:42] 5. Adding image...
[2025-07-01 00:06:42]   Clicking at (62, 181)
[2025-07-01 00:06:42] 6. Choosing from library...
[2025-07-01 00:06:42]   Clicking at (134, 488)
[2025-07-01 00:06:42] 7. Selecting image from gallery...
[2025-07-01 00:06:42]   Clicking at (54, 220)
[2025-07-01 00:06:42] 8. Clicking Done button...
[2025-07-01 00:06:43]   Clicking at (266, 550)
[2025-07-01 00:06:43] 9. Filling description field...
[2025-07-01 00:06:43]   Clicking at (59, 212)
[2025-07-01 00:06:43] 10. Filling website field...
[2025-07-01 00:06:43]   Clicking at (57, 265)
[2025-07-01 00:06:43] 11. Filling twitter field...
[2025-07-01 00:06:43]   Clicking at (184, 265)
[2025-07-01 00:06:43] 12. Swiping to create...
[2025-07-01 00:06:43]   Swiping right from (46, 490)
[2025-07-01 00:06:43] 13. Entering macOS password...
[2025-07-01 00:06:44]    Waiting for token creation...
[2025-07-01 00:06:44] 14. Closing success screen...
[2025-07-01 00:06:44]   Clicking at (261, 109)
[2025-07-01 00:06:44] 
[2025-07-01 00:06:44] ✅ Successfully created: Filter Coffee
[2025-07-01 00:06:44] ✅ Successfully processed: Filter Coffee
[2025-07-01 00:06:44] 
[2025-07-01 00:06:44] 🆕 Found 1 new coin(s) to process
[2025-07-01 00:06:44] 
[2025-07-01 00:06:45] 🔄 Processing coin: Filter Coffee (DFGGGGG)
[2025-07-01 00:06:45] ⏱️  Starting in 5 seconds... (Switch to Moonshot app!)
